src/algebra/group/CanonicalGroups.ts(25,3): error TS2353: Object literal may only specify known properties, and 'show' does not exist in type 'Group<string>'.
src/algebra/group/CanonicalGroups.ts(25,10): error TS7006: Parameter 'x' implicitly has an 'any' type.
src/algebra/group/CanonicalGroups.ts(41,5): error TS2353: Object literal may only specify known properties, and 'show' does not exist in type 'Group<number>'.
src/algebra/group/CanonicalGroups.ts(41,12): error TS7006: Parameter 'x' implicitly has an 'any' type.
src/algebra/group/CanonicalGroups.ts(101,5): error TS2353: Object literal may only specify known properties, and 'show' does not exist in type 'Group<string>'.
src/algebra/group/CanonicalGroups.ts(101,12): error TS7006: Parameter 'x' implicitly has an 'any' type.
src/algebra/group/Cayley.ts(1,15): error TS2724: '"./Group"' has no exported member named 'Group'. Did you mean 'isGroup'?
src/algebra/group/Cayley.ts(10,7): error TS2532: Object is possibly 'undefined'.
src/algebra/group/Cayley.ts(29,22): error TS2532: Object is possibly 'undefined'.
src/algebra/group/Cayley.ts(29,29): error TS2532: Object is possibly 'undefined'.
src/algebra/group/Cayley.ts(32,12): error TS2532: Object is possibly 'undefined'.
src/algebra/group/Cayley.ts(32,19): error TS2532: Object is possibly 'undefined'.
src/algebra/group/Cayley.ts(33,6): error TS2322: Type 'number | undefined' is not assignable to type 'number'.
  Type 'undefined' is not assignable to type 'number'.
src/algebra/group/Cayley.ts(33,12): error TS2322: Type 'number | undefined' is not assignable to type 'number'.
  Type 'undefined' is not assignable to type 'number'.
src/algebra/group/Cayley.ts(35,22): error TS2322: Type 'number | undefined' is not assignable to type 'number'.
  Type 'undefined' is not assignable to type 'number'.
src/algebra/group/Cayley.ts(35,28): error TS2322: Type 'number | undefined' is not assignable to type 'number'.
  Type 'undefined' is not assignable to type 'number'.
src/algebra/group/Cayley.ts(45,40): error TS2532: Object is possibly 'undefined'.
src/algebra/group/Cayley.ts(46,42): error TS2538: Type 'undefined' cannot be used as an index type.
src/algebra/group/Congruence.ts(1,10): error TS2724: '"./Group"' has no exported member named 'Group'. Did you mean 'isGroup'?
src/algebra/group/Congruence.ts(19,17): error TS7006: Parameter 'x' implicitly has an 'any' type.
src/algebra/group/Congruence.ts(19,20): error TS7006: Parameter 'x1' implicitly has an 'any' type.
src/algebra/group/Congruence.ts(19,24): error TS7006: Parameter 'y' implicitly has an 'any' type.
src/algebra/group/Congruence.ts(19,27): error TS7006: Parameter 'y1' implicitly has an 'any' type.
src/algebra/group/Congruence.ts(39,33): error TS7006: Parameter 'x' implicitly has an 'any' type.
src/algebra/group/Congruence.ts(42,34): error TS7006: Parameter 'x' implicitly has an 'any' type.
src/algebra/group/Congruence.ts(42,36): error TS7006: Parameter 'i' implicitly has an 'any' type.
src/algebra/group/Congruence.ts(42,54): error TS7006: Parameter 'y' implicitly has an 'any' type.
src/algebra/group/Congruence.ts(45,34): error TS7006: Parameter 'x' implicitly has an 'any' type.
src/algebra/group/Congruence.ts(45,51): error TS7006: Parameter 'y' implicitly has an 'any' type.
src/algebra/group/Congruence.ts(45,68): error TS7006: Parameter 'z' implicitly has an 'any' type.
src/algebra/group/Congruence.ts(50,34): error TS7006: Parameter 'x' implicitly has an 'any' type.
src/algebra/group/Congruence.ts(50,51): error TS7006: Parameter 'y' implicitly has an 'any' type.
src/algebra/group/Congruence.ts(50,68): error TS7006: Parameter 'z' implicitly has an 'any' type.
src/algebra/group/FiniteGroups.ts(1,15): error TS2724: '"./Group"' has no exported member named 'Group'. Did you mean 'isGroup'?
src/algebra/group/FirstIso.ts(2,10): error TS2300: Duplicate identifier 'Coset'.
src/algebra/group/FirstIso.ts(103,25): error TS2300: Duplicate identifier 'Coset'.
src/algebra/group/FirstIso.ts(126,23): error TS2722: Cannot invoke an object which is possibly 'undefined'.
src/algebra/group/FirstIso.ts(133,5): error TS2722: Cannot invoke an object which is possibly 'undefined'.
src/algebra/group/GroupHom.ts(17,12): error TS2722: Cannot invoke an object which is possibly 'undefined'.
src/algebra/group/GroupHom.ts(19,35): error TS2722: Cannot invoke an object which is possibly 'undefined'.
src/algebra/group/GroupHom.ts(22,12): error TS2722: Cannot invoke an object which is possibly 'undefined'.
src/algebra/group/GroupHom.ts(28,31): error TS2722: Cannot invoke an object which is possibly 'undefined'.
src/algebra/group/GroupHom.ts(52,29): error TS2379: Argument of type 'FiniteGroup<G>' is not assignable to parameter of type 'Group<G>' with 'exactOptionalPropertyTypes: true'. Consider adding 'undefined' to the types of the target's properties.
  Property 'e' is missing in type 'FiniteGroup<G>' but required in type 'Group<G>'.
src/algebra/group/GroupHom.ts(53,24): error TS2339: Property 'Group' does not exist on type 'Group<Coset<G>>'.
src/algebra/group/GroupHom.ts(54,27): error TS2339: Property 'norm' does not exist on type 'Group<Coset<G>>'.
src/algebra/group/Hom.ts(4,3): error TS2375: Type '{ source: Group<A>; target: Group<B>; map: (a: A) => B; name: string | undefined; }' is not assignable to type 'GroupHom<A, B>' with 'exactOptionalPropertyTypes: true'. Consider adding 'undefined' to the types of the target's properties.
  Types of property 'name' are incompatible.
    Type 'string | undefined' is not assignable to type 'string'.
      Type 'undefined' is not assignable to type 'string'.
src/algebra/group/Hom.ts(8,3): error TS2375: Type '{ name: string | undefined; source: Group<A>; target: Group<C>; map: (a: A) => C; }' is not assignable to type 'GroupHom<A, C>' with 'exactOptionalPropertyTypes: true'. Consider adding 'undefined' to the types of the target's properties.
  Types of property 'name' are incompatible.
    Type 'string | undefined' is not assignable to type 'string'.
      Type 'undefined' is not assignable to type 'string'.
src/algebra/group/IsoClass.ts(23,3): error TS2375: Type '{ representative: Group<G>; canonicalName: string | undefined; witnesses: undefined; }' is not assignable to type 'IsoClass<G>' with 'exactOptionalPropertyTypes: true'. Consider adding 'undefined' to the types of the target's properties.
  Types of property 'canonicalName' are incompatible.
    Type 'string | undefined' is not assignable to type 'string'.
      Type 'undefined' is not assignable to type 'string'.
src/algebra/group/IsoClass.ts(56,20): error TS2339: Property 'show' does not exist on type 'Group<G>'.
src/algebra/group/IsoClass.ts(56,29): error TS2339: Property 'show' does not exist on type 'Group<G>'.
src/algebra/group/IsoClass.ts(57,20): error TS2339: Property 'show' does not exist on type 'Group<G>'.
src/algebra/group/IsoClass.ts(57,29): error TS2339: Property 'show' does not exist on type 'Group<G>'.
src/algebra/group/IsoClass.ts(72,25): error TS2345: Argument of type 'G | undefined' is not assignable to parameter of type 'G'.
  'G' could be instantiated with an arbitrary type which could be unrelated to 'G | undefined'.
src/algebra/group/Kernel.ts(10,52): error TS2339: Property 'id' does not exist on type 'Group<H>'.
src/algebra/group/Kernel.ts(14,11): error TS2339: Property 'id' does not exist on type 'Group<G>'.
src/algebra/group/NormalSubgroup.ts(5,10): error TS2724: '"./Group"' has no exported member named 'Group'. Did you mean 'isGroup'?
src/algebra/group/NumberGroups.ts(1,15): error TS2724: '"./Group"' has no exported member named 'Group'. Did you mean 'isGroup'?
src/algebra/group/NumberGroups.ts(6,8): error TS7006: Parameter 'x' implicitly has an 'any' type.
src/algebra/group/NumberGroups.ts(6,11): error TS7006: Parameter 'y' implicitly has an 'any' type.
src/algebra/group/NumberGroups.ts(7,8): error TS7006: Parameter 'x' implicitly has an 'any' type.
src/algebra/group/NumberGroups.ts(7,11): error TS7006: Parameter 'y' implicitly has an 'any' type.
src/algebra/group/NumberGroups.ts(9,8): error TS7006: Parameter 'x' implicitly has an 'any' type.
src/algebra/group/QuotientGroup.ts(1,10): error TS2724: '"./Group"' has no exported member named 'Group'. Did you mean 'isGroup'?
src/algebra/group/QuotientGroup.ts(19,12): error TS7006: Parameter 'c' implicitly has an 'any' type.
src/algebra/group/SubgroupOps.ts(11,3): error TS2375: Type '{ name: string | undefined; elems: A[]; op: (a: A, b: A) => A; e: A; inv: (a: A) => A; eq: ((a: A, b: A) => boolean) | undefined; }' is not assignable to type 'Subgroup<A>' with 'exactOptionalPropertyTypes: true'. Consider adding 'undefined' to the types of the target's properties.
  Types of property 'name' are incompatible.
    Type 'string | undefined' is not assignable to type 'string'.
      Type 'undefined' is not assignable to type 'string'.
src/algebra/group/ThirdIso.ts(28,9): error TS2375: Type '{ name: string; elems: Coset<A>[]; op: (a: Coset<A>, b: Coset<A>) => Coset<A>; e: Coset<A>; inv: (a: Coset<A>) => Coset<A>; eq: ((a: Coset<...>, b: Coset<...>) => boolean) | undefined; }' is not assignable to type 'Subgroup<Coset<A>>' with 'exactOptionalPropertyTypes: true'. Consider adding 'undefined' to the types of the target's properties.
  Types of property 'eq' are incompatible.
    Type '((a: Coset<A>, b: Coset<A>) => boolean) | undefined' is not assignable to type '(a: Coset<A>, b: Coset<A>) => boolean'.
      Type 'undefined' is not assignable to type '(a: Coset<A>, b: Coset<A>) => boolean'.
src/algebra/group/WitnessGuard.ts(1,15): error TS2724: '"./Hom"' has no exported member named 'GroupHom'. Did you mean 'groupHom'?
src/algebra/group/WitnessGuard.ts(1,25): error TS2305: Module '"./Hom"' has no exported member 'HomWitnesses'.
src/algebra/group/__tests__/congruence-proof-machinery.test.ts(7,1): error TS2593: Cannot find name 'describe'. Do you need to install type definitions for a test runner? Try `npm i --save-dev @types/jest` or `npm i --save-dev @types/mocha` and then add 'jest' or 'mocha' to the types field in your tsconfig.
src/algebra/group/__tests__/congruence-proof-machinery.test.ts(8,3): error TS2593: Cannot find name 'it'. Do you need to install type definitions for a test runner? Try `npm i --save-dev @types/jest` or `npm i --save-dev @types/mocha` and then add 'jest' or 'mocha' to the types field in your tsconfig.
src/algebra/group/__tests__/congruence-proof-machinery.test.ts(28,3): error TS2593: Cannot find name 'it'. Do you need to install type definitions for a test runner? Try `npm i --save-dev @types/jest` or `npm i --save-dev @types/mocha` and then add 'jest' or 'mocha' to the types field in your tsconfig.
src/algebra/group/__tests__/congruence-proof-machinery.test.ts(57,3): error TS2593: Cannot find name 'it'. Do you need to install type definitions for a test runner? Try `npm i --save-dev @types/jest` or `npm i --save-dev @types/mocha` and then add 'jest' or 'mocha' to the types field in your tsconfig.
src/algebra/group/__tests__/factorization-eq.test.ts(8,1): error TS2593: Cannot find name 'describe'. Do you need to install type definitions for a test runner? Try `npm i --save-dev @types/jest` or `npm i --save-dev @types/mocha` and then add 'jest' or 'mocha' to the types field in your tsconfig.
src/algebra/group/__tests__/factorization-eq.test.ts(9,3): error TS2593: Cannot find name 'it'. Do you need to install type definitions for a test runner? Try `npm i --save-dev @types/jest` or `npm i --save-dev @types/mocha` and then add 'jest' or 'mocha' to the types field in your tsconfig.
src/algebra/group/__tests__/factorization-eq.test.ts(21,3): error TS2593: Cannot find name 'it'. Do you need to install type definitions for a test runner? Try `npm i --save-dev @types/jest` or `npm i --save-dev @types/mocha` and then add 'jest' or 'mocha' to the types field in your tsconfig.
src/algebra/group/__tests__/factorization-simple.test.ts(9,1): error TS2593: Cannot find name 'describe'. Do you need to install type definitions for a test runner? Try `npm i --save-dev @types/jest` or `npm i --save-dev @types/mocha` and then add 'jest' or 'mocha' to the types field in your tsconfig.
src/algebra/group/__tests__/factorization-simple.test.ts(10,3): error TS2593: Cannot find name 'it'. Do you need to install type definitions for a test runner? Try `npm i --save-dev @types/jest` or `npm i --save-dev @types/mocha` and then add 'jest' or 'mocha' to the types field in your tsconfig.
src/algebra/group/__tests__/factorization-simple.test.ts(30,3): error TS2593: Cannot find name 'it'. Do you need to install type definitions for a test runner? Try `npm i --save-dev @types/jest` or `npm i --save-dev @types/mocha` and then add 'jest' or 'mocha' to the types field in your tsconfig.
src/algebra/group/__tests__/factorization.test.ts(26,1): error TS2593: Cannot find name 'describe'. Do you need to install type definitions for a test runner? Try `npm i --save-dev @types/jest` or `npm i --save-dev @types/mocha` and then add 'jest' or 'mocha' to the types field in your tsconfig.
src/algebra/group/__tests__/factorization.test.ts(27,3): error TS2593: Cannot find name 'it'. Do you need to install type definitions for a test runner? Try `npm i --save-dev @types/jest` or `npm i --save-dev @types/mocha` and then add 'jest' or 'mocha' to the types field in your tsconfig.
src/algebra/group/__tests__/first-iso-congruence.test.ts(6,1): error TS2593: Cannot find name 'describe'. Do you need to install type definitions for a test runner? Try `npm i --save-dev @types/jest` or `npm i --save-dev @types/mocha` and then add 'jest' or 'mocha' to the types field in your tsconfig.
src/algebra/group/__tests__/first-iso-congruence.test.ts(7,3): error TS2593: Cannot find name 'it'. Do you need to install type definitions for a test runner? Try `npm i --save-dev @types/jest` or `npm i --save-dev @types/mocha` and then add 'jest' or 'mocha' to the types field in your tsconfig.
src/algebra/group/__tests__/first-iso-congruence.test.ts(23,24): error TS2345: Argument of type 'import("/workspace/src/algebra/group/QuotientGroup").Coset<number>' is not assignable to parameter of type 'import("/workspace/src/algebra/group/Quotient").Coset<number>'.
  Property 'set' is missing in type 'import("/workspace/src/algebra/group/QuotientGroup").Coset<number>' but required in type 'import("/workspace/src/algebra/group/Quotient").Coset<number>'.
src/algebra/group/__tests__/first-iso-congruence.test.ts(28,25): error TS2345: Argument of type 'import("/workspace/src/algebra/group/QuotientGroup").Coset<number>' is not assignable to parameter of type 'import("/workspace/src/algebra/group/Quotient").Coset<number>'.
  Property 'set' is missing in type 'import("/workspace/src/algebra/group/QuotientGroup").Coset<number>' but required in type 'import("/workspace/src/algebra/group/Quotient").Coset<number>'.
src/algebra/group/__tests__/first-iso.test.ts(7,1): error TS2593: Cannot find name 'describe'. Do you need to install type definitions for a test runner? Try `npm i --save-dev @types/jest` or `npm i --save-dev @types/mocha` and then add 'jest' or 'mocha' to the types field in your tsconfig.
src/algebra/group/__tests__/first-iso.test.ts(8,3): error TS2593: Cannot find name 'test'. Do you need to install type definitions for a test runner? Try `npm i --save-dev @types/jest` or `npm i --save-dev @types/mocha` and then add 'jest' or 'mocha' to the types field in your tsconfig.
src/algebra/group/__tests__/first-iso.test.ts(14,5): error TS2304: Cannot find name 'expect'.
src/algebra/group/__tests__/first-iso.test.ts(15,5): error TS2304: Cannot find name 'expect'.
src/algebra/group/__tests__/first-iso.test.ts(17,5): error TS2304: Cannot find name 'expect'.
src/algebra/group/__tests__/first-iso.test.ts(18,5): error TS2304: Cannot find name 'expect'.
src/algebra/group/__tests__/first-iso.test.ts(21,3): error TS2593: Cannot find name 'test'. Do you need to install type definitions for a test runner? Try `npm i --save-dev @types/jest` or `npm i --save-dev @types/mocha` and then add 'jest' or 'mocha' to the types field in your tsconfig.
src/algebra/group/__tests__/first-iso.test.ts(27,5): error TS2304: Cannot find name 'expect'.
src/algebra/group/__tests__/first-iso.test.ts(28,5): error TS2304: Cannot find name 'expect'.
src/algebra/group/__tests__/first-iso.test.ts(29,5): error TS2304: Cannot find name 'expect'.
src/algebra/group/__tests__/first-iso.test.ts(30,5): error TS2304: Cannot find name 'expect'.
src/algebra/group/__tests__/first-iso.test.ts(33,3): error TS2593: Cannot find name 'test'. Do you need to install type definitions for a test runner? Try `npm i --save-dev @types/jest` or `npm i --save-dev @types/mocha` and then add 'jest' or 'mocha' to the types field in your tsconfig.
src/algebra/group/__tests__/first-iso.test.ts(44,9): error TS2304: Cannot find name 'expect'.
src/algebra/group/__tests__/hom-image.test.ts(5,1): error TS2593: Cannot find name 'describe'. Do you need to install type definitions for a test runner? Try `npm i --save-dev @types/jest` or `npm i --save-dev @types/mocha` and then add 'jest' or 'mocha' to the types field in your tsconfig.
src/algebra/group/__tests__/hom-image.test.ts(9,3): error TS2593: Cannot find name 'test'. Do you need to install type definitions for a test runner? Try `npm i --save-dev @types/jest` or `npm i --save-dev @types/mocha` and then add 'jest' or 'mocha' to the types field in your tsconfig.
src/algebra/group/__tests__/hom-image.test.ts(10,40): error TS2379: Argument of type 'FiniteGroup<number>' is not assignable to parameter of type 'Group<unknown>' with 'exactOptionalPropertyTypes: true'. Consider adding 'undefined' to the types of the target's properties.
  Property 'e' is missing in type 'FiniteGroup<number>' but required in type 'Group<unknown>'.
src/algebra/group/__tests__/hom-image.test.ts(10,53): error TS18046: 'x' is of type 'unknown'.
src/algebra/group/__tests__/hom-image.test.ts(12,5): error TS2304: Cannot find name 'expect'.
src/algebra/group/__tests__/hom-image.test.ts(13,5): error TS2304: Cannot find name 'expect'.
src/algebra/group/__tests__/hom-image.test.ts(16,3): error TS2593: Cannot find name 'test'. Do you need to install type definitions for a test runner? Try `npm i --save-dev @types/jest` or `npm i --save-dev @types/mocha` and then add 'jest' or 'mocha' to the types field in your tsconfig.
src/algebra/group/__tests__/hom-image.test.ts(17,40): error TS2379: Argument of type 'FiniteGroup<number>' is not assignable to parameter of type 'Group<unknown>' with 'exactOptionalPropertyTypes: true'. Consider adding 'undefined' to the types of the target's properties.
  Property 'e' is missing in type 'FiniteGroup<number>' but required in type 'Group<unknown>'.
src/algebra/group/__tests__/hom-image.test.ts(18,5): error TS2304: Cannot find name 'expect'.
src/algebra/group/__tests__/hom-image.test.ts(19,5): error TS2304: Cannot find name 'expect'.
src/algebra/group/__tests__/hom-image.test.ts(22,3): error TS2593: Cannot find name 'test'. Do you need to install type definitions for a test runner? Try `npm i --save-dev @types/jest` or `npm i --save-dev @types/mocha` and then add 'jest' or 'mocha' to the types field in your tsconfig.
src/algebra/group/__tests__/hom-image.test.ts(23,41): error TS2379: Argument of type 'FiniteGroup<number>' is not assignable to parameter of type 'Group<unknown>' with 'exactOptionalPropertyTypes: true'. Consider adding 'undefined' to the types of the target's properties.
  Property 'e' is missing in type 'FiniteGroup<number>' but required in type 'Group<unknown>'.
src/algebra/group/__tests__/hom-image.test.ts(24,5): error TS2304: Cannot find name 'expect'.
src/algebra/group/__tests__/hom-image.test.ts(25,5): error TS2304: Cannot find name 'expect'.
src/algebra/group/__tests__/hom-image.test.ts(28,3): error TS2593: Cannot find name 'test'. Do you need to install type definitions for a test runner? Try `npm i --save-dev @types/jest` or `npm i --save-dev @types/mocha` and then add 'jest' or 'mocha' to the types field in your tsconfig.
src/algebra/group/__tests__/hom-image.test.ts(29,40): error TS2379: Argument of type 'FiniteGroup<number>' is not assignable to parameter of type 'Group<unknown>' with 'exactOptionalPropertyTypes: true'. Consider adding 'undefined' to the types of the target's properties.
  Property 'e' is missing in type 'FiniteGroup<number>' but required in type 'Group<unknown>'.
src/algebra/group/__tests__/hom-image.test.ts(29,53): error TS18046: 'x' is of type 'unknown'.
src/algebra/group/__tests__/hom-image.test.ts(36,9): error TS2304: Cannot find name 'expect'.
src/algebra/group/__tests__/hom-image.test.ts(36,32): error TS7006: Parameter 'x' implicitly has an 'any' type.
src/algebra/group/__tests__/hom-image.test.ts(41,5): error TS2304: Cannot find name 'expect'.
src/algebra/group/__tests__/hom-image.test.ts(41,28): error TS7006: Parameter 'x' implicitly has an 'any' type.
src/algebra/group/__tests__/hom-image.test.ts(46,7): error TS2304: Cannot find name 'expect'.
src/algebra/group/__tests__/hom-image.test.ts(46,30): error TS7006: Parameter 'x' implicitly has an 'any' type.
src/algebra/group/__tests__/hom-kernel.test.ts(5,1): error TS2593: Cannot find name 'describe'. Do you need to install type definitions for a test runner? Try `npm i --save-dev @types/jest` or `npm i --save-dev @types/mocha` and then add 'jest' or 'mocha' to the types field in your tsconfig.
src/algebra/group/__tests__/hom-kernel.test.ts(9,3): error TS2593: Cannot find name 'test'. Do you need to install type definitions for a test runner? Try `npm i --save-dev @types/jest` or `npm i --save-dev @types/mocha` and then add 'jest' or 'mocha' to the types field in your tsconfig.
src/algebra/group/__tests__/hom-kernel.test.ts(11,5): error TS2304: Cannot find name 'expect'.
src/algebra/group/__tests__/hom-kernel.test.ts(12,5): error TS2304: Cannot find name 'expect'.
src/algebra/group/__tests__/hom-kernel.test.ts(15,3): error TS2593: Cannot find name 'test'. Do you need to install type definitions for a test runner? Try `npm i --save-dev @types/jest` or `npm i --save-dev @types/mocha` and then add 'jest' or 'mocha' to the types field in your tsconfig.
src/algebra/group/__tests__/hom-kernel.test.ts(17,5): error TS2304: Cannot find name 'expect'.
src/algebra/group/__tests__/hom-kernel.test.ts(18,5): error TS2304: Cannot find name 'expect'.
src/algebra/group/__tests__/hom-kernel.test.ts(21,3): error TS2593: Cannot find name 'test'. Do you need to install type definitions for a test runner? Try `npm i --save-dev @types/jest` or `npm i --save-dev @types/mocha` and then add 'jest' or 'mocha' to the types field in your tsconfig.
src/algebra/group/__tests__/hom-kernel.test.ts(23,5): error TS2304: Cannot find name 'expect'.
src/algebra/group/__tests__/hom-kernel.test.ts(24,5): error TS2304: Cannot find name 'expect'.
src/algebra/group/__tests__/hom-kernel.test.ts(27,3): error TS2593: Cannot find name 'test'. Do you need to install type definitions for a test runner? Try `npm i --save-dev @types/jest` or `npm i --save-dev @types/mocha` and then add 'jest' or 'mocha' to the types field in your tsconfig.
src/algebra/group/__tests__/hom-kernel.test.ts(35,9): error TS2304: Cannot find name 'expect'.
src/algebra/group/__tests__/hom-kernel.test.ts(35,32): error TS7006: Parameter 'x' implicitly has an 'any' type.
src/algebra/group/__tests__/hom-kernel.test.ts(40,5): error TS2304: Cannot find name 'expect'.
src/algebra/group/__tests__/hom-kernel.test.ts(40,28): error TS7006: Parameter 'x' implicitly has an 'any' type.
src/algebra/group/__tests__/hom-kernel.test.ts(45,7): error TS2304: Cannot find name 'expect'.
src/algebra/group/__tests__/hom-kernel.test.ts(45,30): error TS7006: Parameter 'x' implicitly has an 'any' type.
src/algebra/group/__tests__/hom-kernel.test.ts(49,3): error TS2593: Cannot find name 'test'. Do you need to install type definitions for a test runner? Try `npm i --save-dev @types/jest` or `npm i --save-dev @types/mocha` and then add 'jest' or 'mocha' to the types field in your tsconfig.
src/algebra/group/__tests__/hom-kernel.test.ts(52,5): error TS2304: Cannot find name 'expect'.
src/algebra/group/__tests__/hom-kernel.test.ts(56,5): error TS2304: Cannot find name 'expect'.
src/algebra/group/__tests__/hom-witnesses.test.ts(2,10): error TS2305: Module '"../Hom"' has no exported member 'hom'.
src/algebra/group/__tests__/hom-witnesses.test.ts(2,15): error TS2305: Module '"../Hom"' has no exported member 'analyzeHom'.
src/algebra/group/__tests__/hom-witnesses.test.ts(4,1): error TS2593: Cannot find name 'describe'. Do you need to install type definitions for a test runner? Try `npm i --save-dev @types/jest` or `npm i --save-dev @types/mocha` and then add 'jest' or 'mocha' to the types field in your tsconfig.
src/algebra/group/__tests__/hom-witnesses.test.ts(10,3): error TS2593: Cannot find name 'test'. Do you need to install type definitions for a test runner? Try `npm i --save-dev @types/jest` or `npm i --save-dev @types/mocha` and then add 'jest' or 'mocha' to the types field in your tsconfig.
src/algebra/group/__tests__/hom-witnesses.test.ts(12,27): error TS7006: Parameter 'x' implicitly has an 'any' type.
src/algebra/group/__tests__/hom-witnesses.test.ts(13,5): error TS2304: Cannot find name 'expect'.
src/algebra/group/__tests__/hom-witnesses.test.ts(14,5): error TS2304: Cannot find name 'expect'.
src/algebra/group/__tests__/hom-witnesses.test.ts(15,5): error TS2304: Cannot find name 'expect'.
src/algebra/group/__tests__/hom-witnesses.test.ts(16,5): error TS2304: Cannot find name 'expect'.
src/algebra/group/__tests__/hom-witnesses.test.ts(19,3): error TS2593: Cannot find name 'test'. Do you need to install type definitions for a test runner? Try `npm i --save-dev @types/jest` or `npm i --save-dev @types/mocha` and then add 'jest' or 'mocha' to the types field in your tsconfig.
src/algebra/group/__tests__/hom-witnesses.test.ts(22,29): error TS7006: Parameter 'x' implicitly has an 'any' type.
src/algebra/group/__tests__/hom-witnesses.test.ts(23,7): error TS2304: Cannot find name 'expect'.
src/algebra/group/__tests__/hom-witnesses.test.ts(27,3): error TS2593: Cannot find name 'test'. Do you need to install type definitions for a test runner? Try `npm i --save-dev @types/jest` or `npm i --save-dev @types/mocha` and then add 'jest' or 'mocha' to the types field in your tsconfig.
src/algebra/group/__tests__/hom-witnesses.test.ts(28,29): error TS7006: Parameter 'x' implicitly has an 'any' type.
src/algebra/group/__tests__/hom-witnesses.test.ts(29,5): error TS2304: Cannot find name 'expect'.
src/algebra/group/__tests__/hom-witnesses.test.ts(30,5): error TS2304: Cannot find name 'expect'.
src/algebra/group/__tests__/hom-witnesses.test.ts(31,5): error TS2304: Cannot find name 'expect'.
src/algebra/group/__tests__/hom-witnesses.test.ts(32,5): error TS2304: Cannot find name 'expect'.
src/algebra/group/__tests__/hom-witnesses.test.ts(35,3): error TS2593: Cannot find name 'test'. Do you need to install type definitions for a test runner? Try `npm i --save-dev @types/jest` or `npm i --save-dev @types/mocha` and then add 'jest' or 'mocha' to the types field in your tsconfig.
src/algebra/group/__tests__/hom-witnesses.test.ts(36,27): error TS7006: Parameter 'x' implicitly has an 'any' type.
src/algebra/group/__tests__/hom-witnesses.test.ts(37,5): error TS2304: Cannot find name 'expect'.
src/algebra/group/__tests__/hom-witnesses.test.ts(38,5): error TS2304: Cannot find name 'expect'.
src/algebra/group/__tests__/hom-witnesses.test.ts(39,5): error TS2304: Cannot find name 'expect'.
src/algebra/group/__tests__/hom-witnesses.test.ts(40,5): error TS2304: Cannot find name 'expect'.
src/algebra/group/__tests__/hom-witnesses.test.ts(43,3): error TS2593: Cannot find name 'test'. Do you need to install type definitions for a test runner? Try `npm i --save-dev @types/jest` or `npm i --save-dev @types/mocha` and then add 'jest' or 'mocha' to the types field in your tsconfig.
src/algebra/group/__tests__/hom-witnesses.test.ts(44,36): error TS7031: Binding element 'a' implicitly has an 'any' type.
src/algebra/group/__tests__/hom-witnesses.test.ts(44,38): error TS7031: Binding element 'b' implicitly has an 'any' type.
src/algebra/group/__tests__/hom-witnesses.test.ts(47,5): error TS2304: Cannot find name 'expect'.
src/algebra/group/__tests__/hom-witnesses.test.ts(49,5): error TS2304: Cannot find name 'expect'.
src/algebra/group/__tests__/image-kernel-helpers.test.ts(7,1): error TS2593: Cannot find name 'describe'. Do you need to install type definitions for a test runner? Try `npm i --save-dev @types/jest` or `npm i --save-dev @types/mocha` and then add 'jest' or 'mocha' to the types field in your tsconfig.
src/algebra/group/__tests__/image-kernel-helpers.test.ts(8,3): error TS2593: Cannot find name 'it'. Do you need to install type definitions for a test runner? Try `npm i --save-dev @types/jest` or `npm i --save-dev @types/mocha` and then add 'jest' or 'mocha' to the types field in your tsconfig.
src/algebra/group/__tests__/image-kernel-helpers.test.ts(13,30): error TS2345: Argument of type 'GroupHom<number, number>' is not assignable to parameter of type 'GroupHom<unknown, number>'.
  Type 'GroupHom<number, number>' is missing the following properties from type 'GroupHom<unknown, number>': source, target
src/algebra/group/__tests__/image-kernel-helpers.test.ts(24,3): error TS2593: Cannot find name 'it'. Do you need to install type definitions for a test runner? Try `npm i --save-dev @types/jest` or `npm i --save-dev @types/mocha` and then add 'jest' or 'mocha' to the types field in your tsconfig.
src/algebra/group/__tests__/image-kernel-helpers.test.ts(29,38): error TS2345: Argument of type 'GroupHom<number, number>' is not assignable to parameter of type 'GroupHom<unknown, number>'.
  Type 'GroupHom<number, number>' is missing the following properties from type 'GroupHom<unknown, number>': source, target
src/algebra/group/__tests__/image-kernel-simple.test.ts(8,1): error TS2593: Cannot find name 'describe'. Do you need to install type definitions for a test runner? Try `npm i --save-dev @types/jest` or `npm i --save-dev @types/mocha` and then add 'jest' or 'mocha' to the types field in your tsconfig.
src/algebra/group/__tests__/image-kernel-simple.test.ts(9,3): error TS2593: Cannot find name 'it'. Do you need to install type definitions for a test runner? Try `npm i --save-dev @types/jest` or `npm i --save-dev @types/mocha` and then add 'jest' or 'mocha' to the types field in your tsconfig.
src/algebra/group/__tests__/image-kernel-simple.test.ts(14,40): error TS2379: Argument of type 'FiniteGroup<number>' is not assignable to parameter of type 'Group<unknown>' with 'exactOptionalPropertyTypes: true'. Consider adding 'undefined' to the types of the target's properties.
  Property 'e' is missing in type 'FiniteGroup<number>' but required in type 'Group<unknown>'.
src/algebra/group/__tests__/image-kernel-simple.test.ts(14,53): error TS18046: 'x' is of type 'unknown'.
src/algebra/group/__tests__/image-kernel-simple.test.ts(17,30): error TS2379: Argument of type 'GroupHom<unknown, unknown>' is not assignable to parameter of type 'GroupHom<unknown, number>' with 'exactOptionalPropertyTypes: true'. Consider adding 'undefined' to the types of the target's properties.
  The types of 'target.elems' are incompatible between these types.
    Type 'unknown[]' is not assignable to type 'number[]'.
      Type 'unknown' is not assignable to type 'number'.
src/algebra/group/__tests__/image-kernel-simple.test.ts(28,3): error TS2593: Cannot find name 'it'. Do you need to install type definitions for a test runner? Try `npm i --save-dev @types/jest` or `npm i --save-dev @types/mocha` and then add 'jest' or 'mocha' to the types field in your tsconfig.
src/algebra/group/__tests__/image-kernel-simple.test.ts(33,40): error TS2379: Argument of type 'FiniteGroup<number>' is not assignable to parameter of type 'Group<unknown>' with 'exactOptionalPropertyTypes: true'. Consider adding 'undefined' to the types of the target's properties.
  Property 'e' is missing in type 'FiniteGroup<number>' but required in type 'Group<unknown>'.
src/algebra/group/__tests__/image-kernel-simple.test.ts(33,53): error TS18046: 'x' is of type 'unknown'.
src/algebra/group/__tests__/image-kernel-simple.test.ts(36,38): error TS2379: Argument of type 'GroupHom<unknown, unknown>' is not assignable to parameter of type 'GroupHom<unknown, number>' with 'exactOptionalPropertyTypes: true'. Consider adding 'undefined' to the types of the target's properties.
  The types of 'target.elems' are incompatible between these types.
    Type 'unknown[]' is not assignable to type 'number[]'.
      Type 'unknown' is not assignable to type 'number'.
src/algebra/group/__tests__/iso-class.test.ts(6,1): error TS2593: Cannot find name 'describe'. Do you need to install type definitions for a test runner? Try `npm i --save-dev @types/jest` or `npm i --save-dev @types/mocha` and then add 'jest' or 'mocha' to the types field in your tsconfig.
src/algebra/group/__tests__/iso-class.test.ts(7,3): error TS2593: Cannot find name 'describe'. Do you need to install type definitions for a test runner? Try `npm i --save-dev @types/jest` or `npm i --save-dev @types/mocha` and then add 'jest' or 'mocha' to the types field in your tsconfig.
src/algebra/group/__tests__/iso-class.test.ts(8,5): error TS2593: Cannot find name 'it'. Do you need to install type definitions for a test runner? Try `npm i --save-dev @types/jest` or `npm i --save-dev @types/mocha` and then add 'jest' or 'mocha' to the types field in your tsconfig.
src/algebra/group/__tests__/iso-class.test.ts(19,5): error TS2593: Cannot find name 'it'. Do you need to install type definitions for a test runner? Try `npm i --save-dev @types/jest` or `npm i --save-dev @types/mocha` and then add 'jest' or 'mocha' to the types field in your tsconfig.
src/algebra/group/__tests__/iso-class.test.ts(30,3): error TS2593: Cannot find name 'describe'. Do you need to install type definitions for a test runner? Try `npm i --save-dev @types/jest` or `npm i --save-dev @types/mocha` and then add 'jest' or 'mocha' to the types field in your tsconfig.
src/algebra/group/__tests__/iso-class.test.ts(31,5): error TS2593: Cannot find name 'it'. Do you need to install type definitions for a test runner? Try `npm i --save-dev @types/jest` or `npm i --save-dev @types/mocha` and then add 'jest' or 'mocha' to the types field in your tsconfig.
src/algebra/group/__tests__/iso-class.test.ts(59,5): error TS2593: Cannot find name 'it'. Do you need to install type definitions for a test runner? Try `npm i --save-dev @types/jest` or `npm i --save-dev @types/mocha` and then add 'jest' or 'mocha' to the types field in your tsconfig.
src/algebra/group/__tests__/iso-class.test.ts(68,3): error TS2593: Cannot find name 'describe'. Do you need to install type definitions for a test runner? Try `npm i --save-dev @types/jest` or `npm i --save-dev @types/mocha` and then add 'jest' or 'mocha' to the types field in your tsconfig.
src/algebra/group/__tests__/iso-class.test.ts(69,5): error TS2593: Cannot find name 'it'. Do you need to install type definitions for a test runner? Try `npm i --save-dev @types/jest` or `npm i --save-dev @types/mocha` and then add 'jest' or 'mocha' to the types field in your tsconfig.
src/algebra/group/__tests__/iso-class.test.ts(79,5): error TS2593: Cannot find name 'it'. Do you need to install type definitions for a test runner? Try `npm i --save-dev @types/jest` or `npm i --save-dev @types/mocha` and then add 'jest' or 'mocha' to the types field in your tsconfig.
src/algebra/group/__tests__/iso-class.test.ts(90,3): error TS2593: Cannot find name 'describe'. Do you need to install type definitions for a test runner? Try `npm i --save-dev @types/jest` or `npm i --save-dev @types/mocha` and then add 'jest' or 'mocha' to the types field in your tsconfig.
src/algebra/group/__tests__/iso-class.test.ts(91,5): error TS2593: Cannot find name 'it'. Do you need to install type definitions for a test runner? Try `npm i --save-dev @types/jest` or `npm i --save-dev @types/mocha` and then add 'jest' or 'mocha' to the types field in your tsconfig.
src/algebra/group/__tests__/iso-class.test.ts(98,5): error TS2593: Cannot find name 'it'. Do you need to install type definitions for a test runner? Try `npm i --save-dev @types/jest` or `npm i --save-dev @types/mocha` and then add 'jest' or 'mocha' to the types field in your tsconfig.
src/algebra/group/__tests__/iso-class.test.ts(120,3): error TS2593: Cannot find name 'describe'. Do you need to install type definitions for a test runner? Try `npm i --save-dev @types/jest` or `npm i --save-dev @types/mocha` and then add 'jest' or 'mocha' to the types field in your tsconfig.
src/algebra/group/__tests__/iso-class.test.ts(121,5): error TS2593: Cannot find name 'it'. Do you need to install type definitions for a test runner? Try `npm i --save-dev @types/jest` or `npm i --save-dev @types/mocha` and then add 'jest' or 'mocha' to the types field in your tsconfig.
src/algebra/group/__tests__/isomorphisms.test.ts(4,3): error TS2305: Module '"../Group"' has no exported member 'GroupHom'.
src/algebra/group/__tests__/isomorphisms.test.ts(5,3): error TS2305: Module '"../Group"' has no exported member 'isHomomorphism'.
src/algebra/group/__tests__/isomorphisms.test.ts(6,3): error TS2305: Module '"../Group"' has no exported member 'isIsomorphismFinite'.
src/algebra/group/__tests__/isomorphisms.test.ts(7,3): error TS2305: Module '"../Group"' has no exported member 'isMonomorphism'.
src/algebra/group/__tests__/isomorphisms.test.ts(8,3): error TS2305: Module '"../Group"' has no exported member 'isEpimorphism'.
src/algebra/group/__tests__/isomorphisms.test.ts(9,3): error TS2305: Module '"../Group"' has no exported member 'isomorphismEquivalenceWitness'.
src/algebra/group/__tests__/isomorphisms.test.ts(10,3): error TS2305: Module '"../Group"' has no exported member 'isEquivalenceRelation'.
src/algebra/group/__tests__/isomorphisms.test.ts(11,3): error TS2305: Module '"../Group"' has no exported member 'deriveHomomorphismWitness'.
src/algebra/group/__tests__/isomorphisms.test.ts(12,3): error TS2305: Module '"../Group"' has no exported member 'deriveGroupWitness'.
src/algebra/group/__tests__/isomorphisms.test.ts(13,3): error TS2305: Module '"../Group"' has no exported member 'InverseWitness'.
src/algebra/group/__tests__/isomorphisms.test.ts(14,3): error TS2305: Module '"../Group"' has no exported member 'makeInverseWitness'.
src/algebra/group/__tests__/isomorphisms.test.ts(15,3): error TS2305: Module '"../Group"' has no exported member 'isIsomorphismByInverse'.
src/algebra/group/__tests__/isomorphisms.test.ts(16,3): error TS2305: Module '"../Group"' has no exported member 'hasInverse'.
src/algebra/group/__tests__/isomorphisms.test.ts(17,3): error TS2305: Module '"../Group"' has no exported member 'createIsomorphismLawChecker'.
src/algebra/group/__tests__/isomorphisms.test.ts(18,3): error TS2305: Module '"../Group"' has no exported member 'checkIsInverse'.
src/algebra/group/__tests__/isomorphisms.test.ts(19,3): error TS2305: Module '"../Group"' has no exported member 'tryBuildInverse'.
src/algebra/group/__tests__/isomorphisms.test.ts(20,3): error TS2305: Module '"../Group"' has no exported member 'createProofWorkflow'.
src/algebra/group/__tests__/isomorphisms.test.ts(21,3): error TS2305: Module '"../Group"' has no exported member 'isMonomorphismCategorical'.
src/algebra/group/__tests__/isomorphisms.test.ts(22,3): error TS2305: Module '"../Group"' has no exported member 'isEpimorphismCategorical'.
src/algebra/group/__tests__/isomorphisms.test.ts(23,3): error TS2305: Module '"../Group"' has no exported member 'isMonomorphismElementBased'.
src/algebra/group/__tests__/isomorphisms.test.ts(24,3): error TS2305: Module '"../Group"' has no exported member 'isEpimorphismElementBased'.
src/algebra/group/__tests__/isomorphisms.test.ts(25,3): error TS2305: Module '"../Group"' has no exported member 'composeHomomorphisms'.
src/algebra/group/__tests__/isomorphisms.test.ts(26,3): error TS2305: Module '"../Group"' has no exported member 'homomorphismsEqual'.
src/algebra/group/__tests__/isomorphisms.test.ts(27,3): error TS2305: Module '"../Group"' has no exported member 'createCategoricalBridge'.
src/algebra/group/__tests__/isomorphisms.test.ts(39,63): error TS2538: Type 'unknown' cannot be used as an index type.
src/algebra/group/__tests__/isomorphisms.test.ts(76,49): error TS2345: Argument of type 'unknown' is not assignable to parameter of type 'Rational'.
src/algebra/group/__tests__/isomorphisms.test.ts(77,55): error TS2345: Argument of type 'unknown' is not assignable to parameter of type 'Rational'.
src/algebra/group/__tests__/isomorphisms.test.ts(138,44): error TS7006: Parameter 'a' implicitly has an 'any' type.
src/algebra/group/__tests__/isomorphisms.test.ts(138,47): error TS7006: Parameter 'b' implicitly has an 'any' type.
src/algebra/group/__tests__/isomorphisms.test.ts(408,44): error TS7006: Parameter 'x' implicitly has an 'any' type.
src/algebra/group/__tests__/isomorphisms.test.ts(409,26): error TS7006: Parameter 'y' implicitly has an 'any' type.
src/algebra/group/__tests__/kernel-normal.test.ts(5,1): error TS2593: Cannot find name 'describe'. Do you need to install type definitions for a test runner? Try `npm i --save-dev @types/jest` or `npm i --save-dev @types/mocha` and then add 'jest' or 'mocha' to the types field in your tsconfig.
src/algebra/group/__tests__/kernel-normal.test.ts(6,3): error TS2593: Cannot find name 'it'. Do you need to install type definitions for a test runner? Try `npm i --save-dev @types/jest` or `npm i --save-dev @types/mocha` and then add 'jest' or 'mocha' to the types field in your tsconfig.
src/algebra/group/__tests__/kernel-normal.test.ts(29,3): error TS2593: Cannot find name 'it'. Do you need to install type definitions for a test runner? Try `npm i --save-dev @types/jest` or `npm i --save-dev @types/mocha` and then add 'jest' or 'mocha' to the types field in your tsconfig.
src/algebra/group/__tests__/second-iso.test.ts(5,1): error TS2593: Cannot find name 'describe'. Do you need to install type definitions for a test runner? Try `npm i --save-dev @types/jest` or `npm i --save-dev @types/mocha` and then add 'jest' or 'mocha' to the types field in your tsconfig.
src/algebra/group/__tests__/second-iso.test.ts(6,3): error TS2593: Cannot find name 'test'. Do you need to install type definitions for a test runner? Try `npm i --save-dev @types/jest` or `npm i --save-dev @types/mocha` and then add 'jest' or 'mocha' to the types field in your tsconfig.
src/algebra/group/__tests__/second-iso.test.ts(14,5): error TS2304: Cannot find name 'expect'.
src/algebra/group/__tests__/second-iso.test.ts(15,5): error TS2304: Cannot find name 'expect'.
src/algebra/group/__tests__/second-iso.test.ts(16,5): error TS2304: Cannot find name 'expect'.
src/algebra/group/__tests__/second-iso.test.ts(17,5): error TS2304: Cannot find name 'expect'.
src/algebra/group/__tests__/theorem7-subgroup-images.test.ts(6,1): error TS2593: Cannot find name 'describe'. Do you need to install type definitions for a test runner? Try `npm i --save-dev @types/jest` or `npm i --save-dev @types/mocha` and then add 'jest' or 'mocha' to the types field in your tsconfig.
src/algebra/group/__tests__/theorem7-subgroup-images.test.ts(7,3): error TS2593: Cannot find name 'test'. Do you need to install type definitions for a test runner? Try `npm i --save-dev @types/jest` or `npm i --save-dev @types/mocha` and then add 'jest' or 'mocha' to the types field in your tsconfig.
src/algebra/group/__tests__/theorem7-subgroup-images.test.ts(12,5): error TS2304: Cannot find name 'expect'.
src/algebra/group/__tests__/theorem7-subgroup-images.test.ts(15,3): error TS2593: Cannot find name 'test'. Do you need to install type definitions for a test runner? Try `npm i --save-dev @types/jest` or `npm i --save-dev @types/mocha` and then add 'jest' or 'mocha' to the types field in your tsconfig.
src/algebra/group/__tests__/theorem7-subgroup-images.test.ts(22,5): error TS2304: Cannot find name 'expect'.
src/algebra/group/__tests__/theorem7-subgroup-images.test.ts(28,5): error TS2304: Cannot find name 'expect'.
src/algebra/group/__tests__/theorem7-subgroup-images.test.ts(31,3): error TS2593: Cannot find name 'test'. Do you need to install type definitions for a test runner? Try `npm i --save-dev @types/jest` or `npm i --save-dev @types/mocha` and then add 'jest' or 'mocha' to the types field in your tsconfig.
src/algebra/group/__tests__/theorem7-subgroup-images.test.ts(36,5): error TS2304: Cannot find name 'expect'.
src/algebra/group/__tests__/theorem7-subgroup-images.test.ts(39,3): error TS2593: Cannot find name 'test'. Do you need to install type definitions for a test runner? Try `npm i --save-dev @types/jest` or `npm i --save-dev @types/mocha` and then add 'jest' or 'mocha' to the types field in your tsconfig.
src/algebra/group/__tests__/theorem7-subgroup-images.test.ts(44,5): error TS2304: Cannot find name 'expect'.
src/algebra/group/__tests__/third-iso.test.ts(5,1): error TS2593: Cannot find name 'describe'. Do you need to install type definitions for a test runner? Try `npm i --save-dev @types/jest` or `npm i --save-dev @types/mocha` and then add 'jest' or 'mocha' to the types field in your tsconfig.
src/algebra/group/__tests__/third-iso.test.ts(6,3): error TS2593: Cannot find name 'test'. Do you need to install type definitions for a test runner? Try `npm i --save-dev @types/jest` or `npm i --save-dev @types/mocha` and then add 'jest' or 'mocha' to the types field in your tsconfig.
src/algebra/group/__tests__/third-iso.test.ts(14,5): error TS2304: Cannot find name 'expect'.
src/algebra/group/__tests__/third-iso.test.ts(15,5): error TS2304: Cannot find name 'expect'.
src/algebra/group/__tests__/third-iso.test.ts(16,5): error TS2304: Cannot find name 'expect'.
src/algebra/group/__tests__/third-iso.test.ts(17,5): error TS2304: Cannot find name 'expect'.
src/algebra/group/analyzeHom.ts(29,9): error TS2375: Type '{ name: string; elems: B[]; op: (a: B, b: B) => B; e: B; inv: (a: B) => B; eq: ((a: B, b: B) => boolean) | undefined; }' is not assignable to type 'Subgroup<B>' with 'exactOptionalPropertyTypes: true'. Consider adding 'undefined' to the types of the target's properties.
  Types of property 'eq' are incompatible.
    Type '((a: B, b: B) => boolean) | undefined' is not assignable to type '(a: B, b: B) => boolean'.
      Type 'undefined' is not assignable to type '(a: B, b: B) => boolean'.
src/algebra/group/analyzeHom.ts(39,9): error TS2375: Type '{ name: string; elems: A[]; op: (a: A, b: A) => A; e: A; inv: (a: A) => A; eq: ((a: A, b: A) => boolean) | undefined; }' is not assignable to type 'Subgroup<A>' with 'exactOptionalPropertyTypes: true'. Consider adding 'undefined' to the types of the target's properties.
  Types of property 'eq' are incompatible.
    Type '((a: A, b: A) => boolean) | undefined' is not assignable to type '(a: A, b: A) => boolean'.
      Type 'undefined' is not assignable to type '(a: A, b: A) => boolean'.
src/algebra/group/examples/cyclic.ts(1,10): error TS2724: '"../Group"' has no exported member named 'Group'. Did you mean 'isGroup'?
src/algebra/group/examples/cyclic.ts(7,10): error TS7006: Parameter 'a' implicitly has an 'any' type.
src/algebra/group/examples/cyclic.ts(7,13): error TS7006: Parameter 'b' implicitly has an 'any' type.
src/algebra/group/examples/cyclic.ts(8,11): error TS7006: Parameter 'a' implicitly has an 'any' type.
src/algebra/group/examples/cyclic.ts(9,10): error TS7006: Parameter 'a' implicitly has an 'any' type.
src/algebra/group/examples/cyclic.ts(9,13): error TS7006: Parameter 'b' implicitly has an 'any' type.
src/algebra/group/examples/cyclic.ts(10,12): error TS7006: Parameter 'a' implicitly has an 'any' type.
src/algebra/group/examples/cyclic.ts(18,10): error TS7006: Parameter 'a' implicitly has an 'any' type.
src/algebra/group/examples/cyclic.ts(18,13): error TS7006: Parameter 'b' implicitly has an 'any' type.
src/algebra/group/examples/cyclic.ts(19,11): error TS7006: Parameter 'a' implicitly has an 'any' type.
src/algebra/group/examples/cyclic.ts(20,10): error TS7006: Parameter 'a' implicitly has an 'any' type.
src/algebra/group/examples/cyclic.ts(20,13): error TS7006: Parameter 'b' implicitly has an 'any' type.
src/algebra/group/examples/cyclic.ts(21,12): error TS7006: Parameter 'a' implicitly has an 'any' type.
src/algebra/group/finite/StandardGroups.ts(9,59): error TS2532: Object is possibly 'undefined'.
src/algebra/group/finite/StandardGroups.ts(16,59): error TS2532: Object is possibly 'undefined'.
src/algebra/group/iso/CanonicalTable.ts(15,17): error TS2532: Object is possibly 'undefined'.
src/algebra/group/iso/CanonicalTable.ts(16,17): error TS2532: Object is possibly 'undefined'.
src/algebra/group/iso/CanonicalTable.ts(17,11): error TS18048: 'r' is possibly 'undefined'.
src/algebra/group/iso/CanonicalTable.ts(17,20): error TS18048: 'r' is possibly 'undefined'.
src/algebra/group/iso/CanonicalTable.ts(17,30): error TS18048: 'c' is possibly 'undefined'.
src/algebra/group/iso/CanonicalTable.ts(17,39): error TS18048: 'c' is possibly 'undefined'.
src/algebra/group/iso/CanonicalTable.ts(18,19): error TS2345: Argument of type 'number | undefined' is not assignable to parameter of type 'number'.
  Type 'undefined' is not assignable to type 'number'.
src/algebra/group/iso/CanonicalTable.ts(19,19): error TS2345: Argument of type 'number | undefined' is not assignable to parameter of type 'number'.
  Type 'undefined' is not assignable to type 'number'.
src/algebra/group/iso/CanonicalTable.ts(35,35): error TS2538: Type 'undefined' cannot be used as an index type.
src/algebra/group/iso/CanonicalTable.ts(39,17): error TS2532: Object is possibly 'undefined'.
src/algebra/group/iso/CanonicalTable.ts(40,11): error TS2538: Type 'undefined' cannot be used as an index type.
src/algebra/group/iso/CanonicalTable.ts(40,27): error TS2538: Type 'undefined' cannot be used as an index type.
src/algebra/group/iso/CanonicalTable.ts(52,25): error TS2322: Type 'number | undefined' is not assignable to type 'number'.
  Type 'undefined' is not assignable to type 'number'.
src/algebra/group/iso/CanonicalTable.ts(52,31): error TS2322: Type 'number | undefined' is not assignable to type 'number'.
  Type 'undefined' is not assignable to type 'number'.
src/algebra/group/iso/CanonicalTable.ts(53,13): error TS2322: Type 'number | undefined' is not assignable to type 'number'.
  Type 'undefined' is not assignable to type 'number'.
src/algebra/group/iso/CanonicalTable.ts(53,19): error TS2322: Type 'number | undefined' is not assignable to type 'number'.
  Type 'undefined' is not assignable to type 'number'.
src/algebra/group/iso/Constructors.ts(1,15): error TS2724: '"../Group"' has no exported member named 'Group'. Did you mean 'isGroup'?
src/algebra/group/iso/Constructors.ts(1,22): error TS2305: Module '"../Group"' has no exported member 'GroupHom'.
src/algebra/group/iso/Constructors.ts(1,32): error TS2305: Module '"../Group"' has no exported member 'GroupIso'.
src/algebra/group/iso/EnhancedIsoClass.ts(20,5): error TS2412: Type 'string | undefined' is not assignable to type 'string' with 'exactOptionalPropertyTypes: true'. Consider adding 'undefined' to the type of the target.
  Type 'undefined' is not assignable to type 'string'.
src/algebra/group/iso/EnhancedIsoClass.ts(67,28): error TS2379: Argument of type '{ name: string; description: string | undefined; }' is not assignable to parameter of type '{ name: string; description?: string; }' with 'exactOptionalPropertyTypes: true'. Consider adding 'undefined' to the types of the target's properties.
  Types of property 'description' are incompatible.
    Type 'string | undefined' is not assignable to type 'string'.
      Type 'undefined' is not assignable to type 'string'.
src/algebra/group/iso/GroupToTable.ts(24,25): error TS2345: Argument of type 'G | undefined' is not assignable to parameter of type 'G'.
  'G' could be instantiated with an arbitrary type which could be unrelated to 'G | undefined'.
src/algebra/group/iso/GroupToTable.ts(29,7): error TS2532: Object is possibly 'undefined'.
src/algebra/group/iso/GroupToTable.ts(50,5): error TS2322: Type '(a: number, b: number) => number | undefined' is not assignable to type '(a: number, b: number) => number'.
  Type 'number | undefined' is not assignable to type 'number'.
    Type 'undefined' is not assignable to type 'number'.
src/algebra/group/iso/GroupToTable.ts(50,35): error TS2532: Object is possibly 'undefined'.
src/algebra/group/iso/GroupToTable.ts(55,13): error TS2532: Object is possibly 'undefined'.
src/algebra/group/iso/IsoClass.ts(30,7): error TS2322: Type 'number | undefined' is not assignable to type 'number'.
  Type 'undefined' is not assignable to type 'number'.
src/algebra/group/iso/IsoClass.ts(30,17): error TS2532: Object is possibly 'undefined'.
src/algebra/group/iso/__tests__/canonical-table.test.ts(7,1): error TS2593: Cannot find name 'describe'. Do you need to install type definitions for a test runner? Try `npm i --save-dev @types/jest` or `npm i --save-dev @types/mocha` and then add 'jest' or 'mocha' to the types field in your tsconfig.
src/algebra/group/iso/__tests__/canonical-table.test.ts(8,3): error TS2593: Cannot find name 'describe'. Do you need to install type definitions for a test runner? Try `npm i --save-dev @types/jest` or `npm i --save-dev @types/mocha` and then add 'jest' or 'mocha' to the types field in your tsconfig.
src/algebra/group/iso/__tests__/canonical-table.test.ts(9,5): error TS2593: Cannot find name 'it'. Do you need to install type definitions for a test runner? Try `npm i --save-dev @types/jest` or `npm i --save-dev @types/mocha` and then add 'jest' or 'mocha' to the types field in your tsconfig.
src/algebra/group/iso/__tests__/canonical-table.test.ts(19,5): error TS2593: Cannot find name 'it'. Do you need to install type definitions for a test runner? Try `npm i --save-dev @types/jest` or `npm i --save-dev @types/mocha` and then add 'jest' or 'mocha' to the types field in your tsconfig.
src/algebra/group/iso/__tests__/canonical-table.test.ts(29,3): error TS2593: Cannot find name 'describe'. Do you need to install type definitions for a test runner? Try `npm i --save-dev @types/jest` or `npm i --save-dev @types/mocha` and then add 'jest' or 'mocha' to the types field in your tsconfig.
src/algebra/group/iso/__tests__/canonical-table.test.ts(30,5): error TS2593: Cannot find name 'it'. Do you need to install type definitions for a test runner? Try `npm i --save-dev @types/jest` or `npm i --save-dev @types/mocha` and then add 'jest' or 'mocha' to the types field in your tsconfig.
src/algebra/group/iso/__tests__/canonical-table.test.ts(51,3): error TS2593: Cannot find name 'describe'. Do you need to install type definitions for a test runner? Try `npm i --save-dev @types/jest` or `npm i --save-dev @types/mocha` and then add 'jest' or 'mocha' to the types field in your tsconfig.
src/algebra/group/iso/__tests__/canonical-table.test.ts(52,5): error TS2593: Cannot find name 'it'. Do you need to install type definitions for a test runner? Try `npm i --save-dev @types/jest` or `npm i --save-dev @types/mocha` and then add 'jest' or 'mocha' to the types field in your tsconfig.
src/algebra/group/iso/__tests__/canonical-table.test.ts(71,5): error TS2593: Cannot find name 'it'. Do you need to install type definitions for a test runner? Try `npm i --save-dev @types/jest` or `npm i --save-dev @types/mocha` and then add 'jest' or 'mocha' to the types field in your tsconfig.
src/algebra/group/iso/__tests__/canonical-table.test.ts(92,3): error TS2593: Cannot find name 'describe'. Do you need to install type definitions for a test runner? Try `npm i --save-dev @types/jest` or `npm i --save-dev @types/mocha` and then add 'jest' or 'mocha' to the types field in your tsconfig.
src/algebra/group/iso/__tests__/canonical-table.test.ts(93,5): error TS2593: Cannot find name 'it'. Do you need to install type definitions for a test runner? Try `npm i --save-dev @types/jest` or `npm i --save-dev @types/mocha` and then add 'jest' or 'mocha' to the types field in your tsconfig.
src/algebra/group/iso/__tests__/canonical-table.test.ts(104,5): error TS2593: Cannot find name 'it'. Do you need to install type definitions for a test runner? Try `npm i --save-dev @types/jest` or `npm i --save-dev @types/mocha` and then add 'jest' or 'mocha' to the types field in your tsconfig.
src/algebra/group/iso/__tests__/canonical-table.test.ts(114,5): error TS2593: Cannot find name 'it'. Do you need to install type definitions for a test runner? Try `npm i --save-dev @types/jest` or `npm i --save-dev @types/mocha` and then add 'jest' or 'mocha' to the types field in your tsconfig.
src/algebra/group/iso/__tests__/canonical-table.test.ts(132,3): error TS2593: Cannot find name 'describe'. Do you need to install type definitions for a test runner? Try `npm i --save-dev @types/jest` or `npm i --save-dev @types/mocha` and then add 'jest' or 'mocha' to the types field in your tsconfig.
src/algebra/group/iso/__tests__/canonical-table.test.ts(133,5): error TS2593: Cannot find name 'it'. Do you need to install type definitions for a test runner? Try `npm i --save-dev @types/jest` or `npm i --save-dev @types/mocha` and then add 'jest' or 'mocha' to the types field in your tsconfig.
src/algebra/group/iso/__tests__/canonical-table.test.ts(144,5): error TS2593: Cannot find name 'it'. Do you need to install type definitions for a test runner? Try `npm i --save-dev @types/jest` or `npm i --save-dev @types/mocha` and then add 'jest' or 'mocha' to the types field in your tsconfig.
src/algebra/group/iso/__tests__/canonical-table.test.ts(153,3): error TS2593: Cannot find name 'describe'. Do you need to install type definitions for a test runner? Try `npm i --save-dev @types/jest` or `npm i --save-dev @types/mocha` and then add 'jest' or 'mocha' to the types field in your tsconfig.
src/algebra/group/iso/__tests__/canonical-table.test.ts(154,5): error TS2593: Cannot find name 'it'. Do you need to install type definitions for a test runner? Try `npm i --save-dev @types/jest` or `npm i --save-dev @types/mocha` and then add 'jest' or 'mocha' to the types field in your tsconfig.
src/algebra/group/iso/__tests__/canonical-table.test.ts(169,3): error TS2593: Cannot find name 'describe'. Do you need to install type definitions for a test runner? Try `npm i --save-dev @types/jest` or `npm i --save-dev @types/mocha` and then add 'jest' or 'mocha' to the types field in your tsconfig.
src/algebra/group/iso/__tests__/canonical-table.test.ts(170,5): error TS2593: Cannot find name 'it'. Do you need to install type definitions for a test runner? Try `npm i --save-dev @types/jest` or `npm i --save-dev @types/mocha` and then add 'jest' or 'mocha' to the types field in your tsconfig.
src/algebra/group/iso/__tests__/comprehensive-iso.test.ts(8,1): error TS2593: Cannot find name 'describe'. Do you need to install type definitions for a test runner? Try `npm i --save-dev @types/jest` or `npm i --save-dev @types/mocha` and then add 'jest' or 'mocha' to the types field in your tsconfig.
src/algebra/group/iso/__tests__/comprehensive-iso.test.ts(9,3): error TS2593: Cannot find name 'describe'. Do you need to install type definitions for a test runner? Try `npm i --save-dev @types/jest` or `npm i --save-dev @types/mocha` and then add 'jest' or 'mocha' to the types field in your tsconfig.
src/algebra/group/iso/__tests__/comprehensive-iso.test.ts(10,5): error TS2593: Cannot find name 'it'. Do you need to install type definitions for a test runner? Try `npm i --save-dev @types/jest` or `npm i --save-dev @types/mocha` and then add 'jest' or 'mocha' to the types field in your tsconfig.
src/algebra/group/iso/__tests__/comprehensive-iso.test.ts(17,5): error TS2593: Cannot find name 'it'. Do you need to install type definitions for a test runner? Try `npm i --save-dev @types/jest` or `npm i --save-dev @types/mocha` and then add 'jest' or 'mocha' to the types field in your tsconfig.
src/algebra/group/iso/__tests__/comprehensive-iso.test.ts(24,5): error TS2593: Cannot find name 'it'. Do you need to install type definitions for a test runner? Try `npm i --save-dev @types/jest` or `npm i --save-dev @types/mocha` and then add 'jest' or 'mocha' to the types field in your tsconfig.
src/algebra/group/iso/__tests__/comprehensive-iso.test.ts(32,3): error TS2593: Cannot find name 'describe'. Do you need to install type definitions for a test runner? Try `npm i --save-dev @types/jest` or `npm i --save-dev @types/mocha` and then add 'jest' or 'mocha' to the types field in your tsconfig.
src/algebra/group/iso/__tests__/comprehensive-iso.test.ts(33,5): error TS2593: Cannot find name 'it'. Do you need to install type definitions for a test runner? Try `npm i --save-dev @types/jest` or `npm i --save-dev @types/mocha` and then add 'jest' or 'mocha' to the types field in your tsconfig.
src/algebra/group/iso/__tests__/comprehensive-iso.test.ts(46,9): error TS2353: Object literal may only specify known properties, and 'show' does not exist in type 'Group<number>'.
src/algebra/group/iso/__tests__/comprehensive-iso.test.ts(56,9): error TS2353: Object literal may only specify known properties, and 'show' does not exist in type 'Group<number>'.
src/algebra/group/iso/__tests__/comprehensive-iso.test.ts(64,3): error TS2593: Cannot find name 'describe'. Do you need to install type definitions for a test runner? Try `npm i --save-dev @types/jest` or `npm i --save-dev @types/mocha` and then add 'jest' or 'mocha' to the types field in your tsconfig.
src/algebra/group/iso/__tests__/comprehensive-iso.test.ts(65,5): error TS2593: Cannot find name 'it'. Do you need to install type definitions for a test runner? Try `npm i --save-dev @types/jest` or `npm i --save-dev @types/mocha` and then add 'jest' or 'mocha' to the types field in your tsconfig.
src/algebra/group/iso/__tests__/comprehensive-iso.test.ts(72,5): error TS2593: Cannot find name 'it'. Do you need to install type definitions for a test runner? Try `npm i --save-dev @types/jest` or `npm i --save-dev @types/mocha` and then add 'jest' or 'mocha' to the types field in your tsconfig.
src/algebra/group/iso/__tests__/comprehensive-iso.test.ts(79,5): error TS2593: Cannot find name 'it'. Do you need to install type definitions for a test runner? Try `npm i --save-dev @types/jest` or `npm i --save-dev @types/mocha` and then add 'jest' or 'mocha' to the types field in your tsconfig.
src/algebra/group/iso/__tests__/comprehensive-iso.test.ts(87,3): error TS2593: Cannot find name 'describe'. Do you need to install type definitions for a test runner? Try `npm i --save-dev @types/jest` or `npm i --save-dev @types/mocha` and then add 'jest' or 'mocha' to the types field in your tsconfig.
src/algebra/group/iso/__tests__/comprehensive-iso.test.ts(88,5): error TS2593: Cannot find name 'it'. Do you need to install type definitions for a test runner? Try `npm i --save-dev @types/jest` or `npm i --save-dev @types/mocha` and then add 'jest' or 'mocha' to the types field in your tsconfig.
src/algebra/group/iso/__tests__/comprehensive-iso.test.ts(102,5): error TS2593: Cannot find name 'it'. Do you need to install type definitions for a test runner? Try `npm i --save-dev @types/jest` or `npm i --save-dev @types/mocha` and then add 'jest' or 'mocha' to the types field in your tsconfig.
src/algebra/group/iso/__tests__/comprehensive-iso.test.ts(118,3): error TS2593: Cannot find name 'describe'. Do you need to install type definitions for a test runner? Try `npm i --save-dev @types/jest` or `npm i --save-dev @types/mocha` and then add 'jest' or 'mocha' to the types field in your tsconfig.
src/algebra/group/iso/__tests__/comprehensive-iso.test.ts(119,5): error TS2593: Cannot find name 'it'. Do you need to install type definitions for a test runner? Try `npm i --save-dev @types/jest` or `npm i --save-dev @types/mocha` and then add 'jest' or 'mocha' to the types field in your tsconfig.
src/algebra/group/iso/__tests__/comprehensive-iso.test.ts(126,5): error TS2593: Cannot find name 'it'. Do you need to install type definitions for a test runner? Try `npm i --save-dev @types/jest` or `npm i --save-dev @types/mocha` and then add 'jest' or 'mocha' to the types field in your tsconfig.
src/algebra/group/iso/__tests__/comprehensive-iso.test.ts(136,5): error TS2593: Cannot find name 'it'. Do you need to install type definitions for a test runner? Try `npm i --save-dev @types/jest` or `npm i --save-dev @types/mocha` and then add 'jest' or 'mocha' to the types field in your tsconfig.
src/algebra/group/iso/__tests__/demo-usage.test.ts(6,1): error TS2593: Cannot find name 'describe'. Do you need to install type definitions for a test runner? Try `npm i --save-dev @types/jest` or `npm i --save-dev @types/mocha` and then add 'jest' or 'mocha' to the types field in your tsconfig.
src/algebra/group/iso/__tests__/demo-usage.test.ts(7,3): error TS2593: Cannot find name 'it'. Do you need to install type definitions for a test runner? Try `npm i --save-dev @types/jest` or `npm i --save-dev @types/mocha` and then add 'jest' or 'mocha' to the types field in your tsconfig.
src/algebra/group/iso/__tests__/demo-usage.test.ts(38,3): error TS2593: Cannot find name 'it'. Do you need to install type definitions for a test runner? Try `npm i --save-dev @types/jest` or `npm i --save-dev @types/mocha` and then add 'jest' or 'mocha' to the types field in your tsconfig.
src/algebra/group/iso/__tests__/demo-usage.test.ts(47,7): error TS2353: Object literal may only specify known properties, and 'show' does not exist in type 'Group<number>'.
src/algebra/group/iso/__tests__/demo-usage.test.ts(57,7): error TS2353: Object literal may only specify known properties, and 'show' does not exist in type 'Group<number>'.
src/algebra/group/iso/__tests__/demo-usage.test.ts(68,7): error TS2353: Object literal may only specify known properties, and 'show' does not exist in type 'Group<number>'.
src/algebra/group/iso/__tests__/demo-usage.test.ts(78,7): error TS2353: Object literal may only specify known properties, and 'show' does not exist in type 'Group<number>'.
src/algebra/group/iso/__tests__/demo-usage.test.ts(90,3): error TS2593: Cannot find name 'it'. Do you need to install type definitions for a test runner? Try `npm i --save-dev @types/jest` or `npm i --save-dev @types/mocha` and then add 'jest' or 'mocha' to the types field in your tsconfig.
src/algebra/group/iso/__tests__/demo-usage.test.ts(109,3): error TS2593: Cannot find name 'it'. Do you need to install type definitions for a test runner? Try `npm i --save-dev @types/jest` or `npm i --save-dev @types/mocha` and then add 'jest' or 'mocha' to the types field in your tsconfig.
src/algebra/group/iso/__tests__/enhanced-iso-class.test.ts(5,1): error TS2593: Cannot find name 'describe'. Do you need to install type definitions for a test runner? Try `npm i --save-dev @types/jest` or `npm i --save-dev @types/mocha` and then add 'jest' or 'mocha' to the types field in your tsconfig.
src/algebra/group/iso/__tests__/enhanced-iso-class.test.ts(6,3): error TS2593: Cannot find name 'describe'. Do you need to install type definitions for a test runner? Try `npm i --save-dev @types/jest` or `npm i --save-dev @types/mocha` and then add 'jest' or 'mocha' to the types field in your tsconfig.
src/algebra/group/iso/__tests__/enhanced-iso-class.test.ts(7,5): error TS2593: Cannot find name 'it'. Do you need to install type definitions for a test runner? Try `npm i --save-dev @types/jest` or `npm i --save-dev @types/mocha` and then add 'jest' or 'mocha' to the types field in your tsconfig.
src/algebra/group/iso/__tests__/enhanced-iso-class.test.ts(16,5): error TS2593: Cannot find name 'it'. Do you need to install type definitions for a test runner? Try `npm i --save-dev @types/jest` or `npm i --save-dev @types/mocha` and then add 'jest' or 'mocha' to the types field in your tsconfig.
src/algebra/group/iso/__tests__/enhanced-iso-class.test.ts(26,5): error TS2593: Cannot find name 'it'. Do you need to install type definitions for a test runner? Try `npm i --save-dev @types/jest` or `npm i --save-dev @types/mocha` and then add 'jest' or 'mocha' to the types field in your tsconfig.
src/algebra/group/iso/__tests__/enhanced-iso-class.test.ts(37,3): error TS2593: Cannot find name 'describe'. Do you need to install type definitions for a test runner? Try `npm i --save-dev @types/jest` or `npm i --save-dev @types/mocha` and then add 'jest' or 'mocha' to the types field in your tsconfig.
src/algebra/group/iso/__tests__/enhanced-iso-class.test.ts(38,5): error TS2593: Cannot find name 'it'. Do you need to install type definitions for a test runner? Try `npm i --save-dev @types/jest` or `npm i --save-dev @types/mocha` and then add 'jest' or 'mocha' to the types field in your tsconfig.
src/algebra/group/iso/__tests__/enhanced-iso-class.test.ts(48,5): error TS2593: Cannot find name 'it'. Do you need to install type definitions for a test runner? Try `npm i --save-dev @types/jest` or `npm i --save-dev @types/mocha` and then add 'jest' or 'mocha' to the types field in your tsconfig.
src/algebra/group/iso/__tests__/enhanced-iso-class.test.ts(61,3): error TS2593: Cannot find name 'describe'. Do you need to install type definitions for a test runner? Try `npm i --save-dev @types/jest` or `npm i --save-dev @types/mocha` and then add 'jest' or 'mocha' to the types field in your tsconfig.
src/algebra/group/iso/__tests__/enhanced-iso-class.test.ts(62,5): error TS2593: Cannot find name 'it'. Do you need to install type definitions for a test runner? Try `npm i --save-dev @types/jest` or `npm i --save-dev @types/mocha` and then add 'jest' or 'mocha' to the types field in your tsconfig.
src/algebra/group/iso/__tests__/enhanced-iso-class.test.ts(71,5): error TS2593: Cannot find name 'it'. Do you need to install type definitions for a test runner? Try `npm i --save-dev @types/jest` or `npm i --save-dev @types/mocha` and then add 'jest' or 'mocha' to the types field in your tsconfig.
src/algebra/group/iso/__tests__/enhanced-iso-class.test.ts(85,3): error TS2593: Cannot find name 'describe'. Do you need to install type definitions for a test runner? Try `npm i --save-dev @types/jest` or `npm i --save-dev @types/mocha` and then add 'jest' or 'mocha' to the types field in your tsconfig.
src/algebra/group/iso/__tests__/enhanced-iso-class.test.ts(86,5): error TS2593: Cannot find name 'it'. Do you need to install type definitions for a test runner? Try `npm i --save-dev @types/jest` or `npm i --save-dev @types/mocha` and then add 'jest' or 'mocha' to the types field in your tsconfig.
src/algebra/group/iso/__tests__/enhanced-iso-class.test.ts(93,5): error TS2593: Cannot find name 'it'. Do you need to install type definitions for a test runner? Try `npm i --save-dev @types/jest` or `npm i --save-dev @types/mocha` and then add 'jest' or 'mocha' to the types field in your tsconfig.
src/algebra/group/iso/__tests__/enhanced-iso-class.test.ts(121,3): error TS2593: Cannot find name 'describe'. Do you need to install type definitions for a test runner? Try `npm i --save-dev @types/jest` or `npm i --save-dev @types/mocha` and then add 'jest' or 'mocha' to the types field in your tsconfig.
src/algebra/group/iso/__tests__/enhanced-iso-class.test.ts(122,5): error TS2593: Cannot find name 'it'. Do you need to install type definitions for a test runner? Try `npm i --save-dev @types/jest` or `npm i --save-dev @types/mocha` and then add 'jest' or 'mocha' to the types field in your tsconfig.
src/algebra/group/iso/__tests__/enhanced-iso-class.test.ts(131,5): error TS2593: Cannot find name 'it'. Do you need to install type definitions for a test runner? Try `npm i --save-dev @types/jest` or `npm i --save-dev @types/mocha` and then add 'jest' or 'mocha' to the types field in your tsconfig.
src/algebra/group/iso/__tests__/standard-groups.test.ts(4,1): error TS2593: Cannot find name 'describe'. Do you need to install type definitions for a test runner? Try `npm i --save-dev @types/jest` or `npm i --save-dev @types/mocha` and then add 'jest' or 'mocha' to the types field in your tsconfig.
src/algebra/group/iso/__tests__/standard-groups.test.ts(5,3): error TS2593: Cannot find name 'it'. Do you need to install type definitions for a test runner? Try `npm i --save-dev @types/jest` or `npm i --save-dev @types/mocha` and then add 'jest' or 'mocha' to the types field in your tsconfig.
src/algebra/group/iso/__tests__/standard-groups.test.ts(10,52): error TS2532: Object is possibly 'undefined'.
src/algebra/group/iso/__tests__/standard-groups.test.ts(10,52): error TS2538: Type 'undefined' cannot be used as an index type.
src/algebra/group/iso/__tests__/standard-groups.test.ts(12,5): error TS2304: Cannot find name 'expect'.
src/algebra/group/iso/__tests__/standard-groups.test.ts(15,3): error TS2593: Cannot find name 'it'. Do you need to install type definitions for a test runner? Try `npm i --save-dev @types/jest` or `npm i --save-dev @types/mocha` and then add 'jest' or 'mocha' to the types field in your tsconfig.
src/algebra/group/iso/__tests__/standard-groups.test.ts(18,5): error TS2304: Cannot find name 'expect'.
src/algebra/ring/Hom.ts(24,25): error TS2379: Argument of type '{ source: FiniteRing<A>; target: FiniteRing<B>; map: (a: A) => B; name: string | undefined; }' is not assignable to parameter of type 'RingHom<A, B>' with 'exactOptionalPropertyTypes: true'. Consider adding 'undefined' to the types of the target's properties.
  Types of property 'name' are incompatible.
    Type 'string | undefined' is not assignable to type 'string'.
      Type 'undefined' is not assignable to type 'string'.
src/algebra/ring/Hom.ts(49,24): error TS2322: Type '(_x: X) => Y | undefined' is not assignable to type '(x: X) => Y'.
  Type 'Y | undefined' is not assignable to type 'Y'.
    'Y' could be instantiated with an arbitrary type which could be unrelated to 'Y | undefined'.
src/algebra/ring/Hom.ts(56,14): error TS2345: Argument of type '(x: X) => Y | undefined' is not assignable to parameter of type '(x: X) => Y'.
  Type 'Y | undefined' is not assignable to type 'Y'.
    'Y' could be instantiated with an arbitrary type which could be unrelated to 'Y | undefined'.
src/algebra/ring/Hom.ts(82,19): error TS2345: Argument of type 'A | undefined' is not assignable to parameter of type 'A'.
  'A' could be instantiated with an arbitrary type which could be unrelated to 'A | undefined'.
src/algebra/ring/Hom.ts(82,38): error TS2345: Argument of type 'A | undefined' is not assignable to parameter of type 'A'.
  'A' could be instantiated with an arbitrary type which could be unrelated to 'A | undefined'.
src/algebra/ring/Hom.ts(111,32): error TS2345: Argument of type 'unknown' is not assignable to parameter of type 'FiniteRing<unknown>'.
src/algebra/ring/Hom.ts(114,35): error TS18048: 'g' is possibly 'undefined'.
src/algebra/ring/Hom.ts(115,35): error TS18048: 'h' is possibly 'undefined'.
src/algebra/ring/Hom.ts(116,26): error TS18046: 'J' is of type 'unknown'.
src/algebra/ring/Hom.ts(116,69): error TS18046: 'J' is of type 'unknown'.
src/algebra/ring/Hom.ts(116,83): error TS18048: 'g' is possibly 'undefined'.
src/algebra/ring/Hom.ts(116,90): error TS18048: 'h' is possibly 'undefined'.
src/algebra/ring/Hom.ts(124,35): error TS2345: Argument of type 'unknown' is not assignable to parameter of type 'FiniteRing<unknown>'.
src/algebra/ring/Hom.ts(127,29): error TS18048: 'g' is possibly 'undefined'.
src/algebra/ring/Hom.ts(128,29): error TS18048: 'h' is possibly 'undefined'.
src/algebra/ring/Hom.ts(129,39): error TS2345: Argument of type 'unknown' is not assignable to parameter of type 'FiniteRing<unknown>'.
src/algebra/ring/Hom.ts(129,85): error TS2345: Argument of type 'unknown' is not assignable to parameter of type 'FiniteRing<unknown>'.
src/algebra/ring/Hom.ts(129,89): error TS18048: 'g' is possibly 'undefined'.
src/algebra/ring/Hom.ts(129,96): error TS18048: 'h' is possibly 'undefined'.
src/algebra/ring/Hom.ts(133,3): error TS2375: Type '{ isHom: boolean; injectiveUnderlying: boolean; surjectiveUnderlying: boolean; isMono: boolean; isEpi: boolean; isIso: boolean; leftInverse: RingHom<B, A> | undefined; rightInverse: RingHom<...> | undefined; }' is not assignable to type 'RingWitnesses<A, B>' with 'exactOptionalPropertyTypes: true'. Consider adding 'undefined' to the types of the target's properties.
  Types of property 'leftInverse' are incompatible.
    Type 'RingHom<B, A> | undefined' is not assignable to type 'RingHom<B, A>'.
      Type 'undefined' is not assignable to type 'RingHom<B, A>'.
src/algebra/ring/__tests__/ring-witnesses.spec.ts(4,1): error TS2593: Cannot find name 'describe'. Do you need to install type definitions for a test runner? Try `npm i --save-dev @types/jest` or `npm i --save-dev @types/mocha` and then add 'jest' or 'mocha' to the types field in your tsconfig.
src/algebra/ring/__tests__/ring-witnesses.spec.ts(9,3): error TS2593: Cannot find name 'test'. Do you need to install type definitions for a test runner? Try `npm i --save-dev @types/jest` or `npm i --save-dev @types/mocha` and then add 'jest' or 'mocha' to the types field in your tsconfig.
src/algebra/ring/__tests__/ring-witnesses.spec.ts(11,5): error TS2304: Cannot find name 'expect'.
src/algebra/ring/__tests__/ring-witnesses.spec.ts(12,5): error TS2304: Cannot find name 'expect'.
src/algebra/ring/__tests__/ring-witnesses.spec.ts(13,5): error TS2304: Cannot find name 'expect'.
src/algebra/ring/__tests__/ring-witnesses.spec.ts(14,5): error TS2304: Cannot find name 'expect'.
src/algebra/ring/__tests__/ring-witnesses.spec.ts(15,5): error TS2304: Cannot find name 'expect'.
src/algebra/ring/__tests__/ring-witnesses.spec.ts(16,5): error TS2304: Cannot find name 'expect'.
src/algebra/ring/__tests__/ring-witnesses.spec.ts(19,3): error TS2593: Cannot find name 'test'. Do you need to install type definitions for a test runner? Try `npm i --save-dev @types/jest` or `npm i --save-dev @types/mocha` and then add 'jest' or 'mocha' to the types field in your tsconfig.
src/algebra/ring/__tests__/ring-witnesses.spec.ts(21,5): error TS2304: Cannot find name 'expect'.
src/algebra/ring/__tests__/ring-witnesses.spec.ts(22,5): error TS2304: Cannot find name 'expect'.
src/algebra/ring/__tests__/ring-witnesses.spec.ts(23,5): error TS2304: Cannot find name 'expect'.
src/algebra/ring/__tests__/ring-witnesses.spec.ts(24,5): error TS2304: Cannot find name 'expect'.
src/algebra/ring/__tests__/ring-witnesses.spec.ts(25,5): error TS2304: Cannot find name 'expect'.
src/algebra/ring/__tests__/ring-witnesses.spec.ts(28,3): error TS2593: Cannot find name 'test'. Do you need to install type definitions for a test runner? Try `npm i --save-dev @types/jest` or `npm i --save-dev @types/mocha` and then add 'jest' or 'mocha' to the types field in your tsconfig.
src/algebra/ring/__tests__/ring-witnesses.spec.ts(30,5): error TS2304: Cannot find name 'expect'.
src/algebra/ring/__tests__/ring-witnesses.spec.ts(31,5): error TS2304: Cannot find name 'expect'.
src/algebra/ring/__tests__/ring-witnesses.spec.ts(32,5): error TS2304: Cannot find name 'expect'.
src/algebra/ring/__tests__/ring-witnesses.spec.ts(35,3): error TS2593: Cannot find name 'test'. Do you need to install type definitions for a test runner? Try `npm i --save-dev @types/jest` or `npm i --save-dev @types/mocha` and then add 'jest' or 'mocha' to the types field in your tsconfig.
src/algebra/ring/__tests__/ring-witnesses.spec.ts(38,5): error TS2304: Cannot find name 'expect'.
src/algebra/ring/__tests__/ring-witnesses.spec.ts(39,5): error TS2304: Cannot find name 'expect'.
src/algebra/semiringlike/free/FreeMonoid.ts(9,57): error TS2345: Argument of type 'A | undefined' is not assignable to parameter of type 'A'.
  'A' could be instantiated with an arbitrary type which could be unrelated to 'A | undefined'.
src/cat/set/SetCat.ts(18,3): error TS2375: Type '{ elems: A[]; eq: ((x: A, y: A) => boolean) | undefined; name: string | undefined; }' is not assignable to type 'FiniteSet<A>' with 'exactOptionalPropertyTypes: true'. Consider adding 'undefined' to the types of the target's properties.
  Types of property 'eq' are incompatible.
    Type '((x: A, y: A) => boolean) | undefined' is not assignable to type '(x: A, y: A) => boolean'.
      Type 'undefined' is not assignable to type '(x: A, y: A) => boolean'.
src/cat/set/SetCat.ts(42,9): error TS2375: Type '{ source: FiniteSet<A>; target: FiniteSet<B>; map: (a: A) => B; name: string | undefined; }' is not assignable to type 'SetHom<A, B>' with 'exactOptionalPropertyTypes: true'. Consider adding 'undefined' to the types of the target's properties.
  Types of property 'name' are incompatible.
    Type 'string | undefined' is not assignable to type 'string'.
      Type 'undefined' is not assignable to type 'string'.
src/cat/set/SetCat.ts(54,19): error TS2345: Argument of type 'A | undefined' is not assignable to parameter of type 'A'.
  'A' could be instantiated with an arbitrary type which could be unrelated to 'A | undefined'.
src/cat/set/SetCat.ts(54,30): error TS2345: Argument of type 'A | undefined' is not assignable to parameter of type 'A'.
  'A' could be instantiated with an arbitrary type which could be unrelated to 'A | undefined'.
src/cat/set/SetCat.ts(79,3): error TS2375: Type '{ isTotal: true; injective: boolean; surjective: boolean; bijective: boolean; isMono: boolean; isEpi: boolean; inverse: SetHom<B, A> | undefined; }' is not assignable to type 'SetWitnesses<A, B>' with 'exactOptionalPropertyTypes: true'. Consider adding 'undefined' to the types of the target's properties.
  Types of property 'inverse' are incompatible.
    Type 'SetHom<B, A> | undefined' is not assignable to type 'SetHom<B, A>'.
      Type 'undefined' is not assignable to type 'SetHom<B, A>'.
src/cat/set/__tests__/set-witnesses.spec.ts(3,1): error TS2593: Cannot find name 'describe'. Do you need to install type definitions for a test runner? Try `npm i --save-dev @types/jest` or `npm i --save-dev @types/mocha` and then add 'jest' or 'mocha' to the types field in your tsconfig.
src/cat/set/__tests__/set-witnesses.spec.ts(8,3): error TS2593: Cannot find name 'test'. Do you need to install type definitions for a test runner? Try `npm i --save-dev @types/jest` or `npm i --save-dev @types/mocha` and then add 'jest' or 'mocha' to the types field in your tsconfig.
src/cat/set/__tests__/set-witnesses.spec.ts(10,5): error TS2304: Cannot find name 'expect'.
src/cat/set/__tests__/set-witnesses.spec.ts(11,5): error TS2304: Cannot find name 'expect'.
src/cat/set/__tests__/set-witnesses.spec.ts(14,3): error TS2593: Cannot find name 'test'. Do you need to install type definitions for a test runner? Try `npm i --save-dev @types/jest` or `npm i --save-dev @types/mocha` and then add 'jest' or 'mocha' to the types field in your tsconfig.
src/cat/set/__tests__/set-witnesses.spec.ts(16,5): error TS2304: Cannot find name 'expect'.
src/cat/set/__tests__/set-witnesses.spec.ts(17,5): error TS2304: Cannot find name 'expect'.
src/cat/set/__tests__/set-witnesses.spec.ts(18,5): error TS2304: Cannot find name 'expect'.
src/cat/set/__tests__/set-witnesses.spec.ts(19,5): error TS2304: Cannot find name 'expect'.
src/cat/set/__tests__/set-witnesses.spec.ts(22,3): error TS2593: Cannot find name 'test'. Do you need to install type definitions for a test runner? Try `npm i --save-dev @types/jest` or `npm i --save-dev @types/mocha` and then add 'jest' or 'mocha' to the types field in your tsconfig.
src/cat/set/__tests__/set-witnesses.spec.ts(24,5): error TS2304: Cannot find name 'expect'.
src/cat/set/__tests__/set-witnesses.spec.ts(25,5): error TS2304: Cannot find name 'expect'.
src/higher/__tests__/hcata.compose.demo.test.ts(59,24): error TS2347: Untyped function calls may not accept type arguments.
src/laws/__tests__/coverage_audit.test.ts(4,28): error TS5097: An import path can only end with a '.ts' extension when 'allowImportingTsExtensions' is enabled.
src/laws/__tests__/iso_laws.test.ts(45,12): error TS2532: Object is possibly 'undefined'.
src/laws/__tests__/registry_extensions.test.ts(20,12): error TS2532: Object is possibly 'undefined'.
src/laws/__tests__/registry_extensions.test.ts(24,12): error TS2532: Object is possibly 'undefined'.
src/laws/__tests__/registry_extensions.test.ts(55,12): error TS2532: Object is possibly 'undefined'.
src/laws/__tests__/registry_extensions.test.ts(59,12): error TS2532: Object is possibly 'undefined'.
src/laws/__tests__/registry_extensions.test.ts(91,12): error TS2532: Object is possibly 'undefined'.
src/laws/__tests__/registry_extensions.test.ts(92,12): error TS2532: Object is possibly 'undefined'.
src/laws/__tests__/registry_extensions.test.ts(93,12): error TS2532: Object is possibly 'undefined'.
src/laws/examples/CodensityNat.ts(11,25): error TS2314: Generic type 'GA' requires 1 type argument(s).
src/laws/examples/CodensityNat.ts(11,29): error TS2314: Generic type 'G' requires 1 type argument(s).
src/laws/examples/CodensityNat.ts(12,18): error TS2314: Generic type 'GA' requires 1 type argument(s).
src/laws/examples/CodensityNat.ts(12,22): error TS2314: Generic type 'G' requires 1 type argument(s).
src/laws/examples/CodensityNat.ts(14,16): error TS2314: Generic type 'GA' requires 1 type argument(s).
src/laws/examples/CodensityNat.ts(14,19): error TS2314: Generic type 'G' requires 1 type argument(s).
src/laws/examples/CodensityNat.ts(16,16): error TS2314: Generic type 'GA' requires 1 type argument(s).
src/laws/examples/CodensityNat.ts(16,19): error TS2314: Generic type 'G' requires 1 type argument(s).
src/laws/examples/CodensityNat.ts(21,33): error TS2314: Generic type 'GA' requires 1 type argument(s).
src/laws/examples/CodensityNat.ts(21,36): error TS2314: Generic type 'G' requires 1 type argument(s).
src/laws/examples/ConcreteCodensity.ts(30,33): error TS2314: Generic type 'List' requires 1 type argument(s).
src/laws/examples/ConcreteCodensity.ts(30,57): error TS2314: Generic type 'List' requires 1 type argument(s).
src/laws/examples/ConcreteCodensity.ts(37,37): error TS2314: Generic type 'List' requires 1 type argument(s).
src/laws/examples/ConcreteCodensity.ts(45,32): error TS2314: Generic type 'List' requires 1 type argument(s).
src/laws/examples/ConcreteCodensity.ts(60,29): error TS2314: Generic type 'List' requires 1 type argument(s).
src/laws/examples/ConcreteCodensity.ts(63,63): error TS2365: Operator '+' cannot be applied to types 'X' and 'number'.
src/laws/examples/ConcreteCodensity.ts(68,3): error TS2322: Type '(tga: TGA) => Nat<GA<any>, List>' is not assignable to type '(tga: unknown) => Nat<any, any>'.
  Types of parameters 'tga' and 'tga' are incompatible.
    Type 'unknown' is not assignable to type 'TGA'.
src/laws/examples/ConcreteCodensity.ts(70,3): error TS2322: Type '(f: TGA, g: TGA) => boolean' is not assignable to type 'Eq<unknown>'.
  Types of parameters 'f' and 'x' are incompatible.
    Type 'unknown' is not assignable to type 'TGA'.
src/laws/packs.ts(17,9): error TS2339: Property 'run' does not exist on type 'Lawful<number, Monoid<number>>'.
src/laws/packs.ts(22,10): error TS2339: Property 'run' does not exist on type 'Lawful<number, { of<A>(x: A): Dist<A>; chain<A, B>(ma: Dist<A>, f: (a: A) => Dist<B>): Dist<B>; map<A, B>(ma: Dist<A>, f: (a: A) => B): Dist<...>; ap<A, B>(mf: Dist<...>, ma: Dist<...>): Dist<...>; }>'.
src/laws/packs.ts(27,13): error TS2339: Property 'run' does not exist on type 'Lawful<any, { kid: Function; kcomp: Function; kmap: Function; }>'.
src/laws/packs.ts(32,18): error TS2339: Property 'run' does not exist on type 'Lawful<any, { to: any; from: any; }>'.
src/laws/packs.ts(37,9): error TS2339: Property 'run' does not exist on type 'Lawful<any, { tag: "Top/ProductUP"; }>'.
src/laws/packs.ts(42,16): error TS2339: Property 'run' does not exist on type 'Lawful<any, { tag: "Top/Continuity"; }>'.
src/laws/packs.ts(49,12): error TS2339: Property 'run' does not exist on type 'Lawful<string, Monoid<string>>'.
src/laws/packs.ts(64,3): error TS2353: Object literal may only specify known properties, and 'run' does not exist in type 'AnyLawful'.
src/laws/packs.ts(76,3): error TS2353: Object literal may only specify known properties, and 'run' does not exist in type 'AnyLawful'.
src/laws/packs.ts(93,8): error TS2339: Property 'run' does not exist on type 'Lawful<number, Monoid<number>>'.
src/laws/packs.ts(104,10): error TS2339: Property 'run' does not exist on type 'Lawful<Poly, Monoid<Poly>>'.
src/laws/packs.ts(116,3): error TS2353: Object literal may only specify known properties, and 'run' does not exist in type 'AnyLawful'.
src/order/Domain.ts(13,46): error TS2345: Argument of type 'A | undefined' is not assignable to parameter of type 'A'.
  'A' could be instantiated with an arbitrary type which could be unrelated to 'A | undefined'.
src/order/Domain.ts(27,5): error TS2322: Type 'A | undefined' is not assignable to type 'A'.
  'A' could be instantiated with an arbitrary type which could be unrelated to 'A | undefined'.
src/order/Domain.ts(57,40): error TS2345: Argument of type 'A | undefined' is not assignable to parameter of type 'A'.
  'A' could be instantiated with an arbitrary type which could be unrelated to 'A | undefined'.
src/order/Domain.ts(58,21): error TS2345: Argument of type 'A | undefined' is not assignable to parameter of type 'A'.
  'A' could be instantiated with an arbitrary type which could be unrelated to 'A | undefined'.
src/order/Lattice.ts(24,53): error TS2345: Argument of type 'U | undefined' is not assignable to parameter of type 'U'.
  'U' could be instantiated with an arbitrary type which could be unrelated to 'U | undefined'.
src/order/__tests__/domain_cpo.test.ts(40,61): error TS7023: 'step' implicitly has return type 'any' because it does not have a return type annotation and is referenced directly or indirectly in one of its return expressions.
src/order/dsl.ts(13,25): error TS2532: Object is possibly 'undefined'.
src/order/dsl.ts(14,119): error TS2532: Object is possibly 'undefined'.
src/order/dsl.ts(16,51): error TS2532: Object is possibly 'undefined'.
src/order/dsl.ts(16,91): error TS2532: Object is possibly 'undefined'.
src/order/dsl.ts(16,105): error TS2532: Object is possibly 'undefined'.
src/order/dsl.ts(17,27): error TS2532: Object is possibly 'undefined'.
src/order/dsl.ts(19,19): error TS2322: Type '(a: A, b: A) => boolean | undefined' is not assignable to type '(x: A, y: A) => boolean'.
  Type 'boolean | undefined' is not assignable to type 'boolean'.
    Type 'undefined' is not assignable to type 'boolean'.
src/order/dsl.ts(19,24): error TS2322: Type '(a: A, b: A) => boolean | undefined' is not assignable to type 'Eq<A>'.
  Type 'boolean | undefined' is not assignable to type 'boolean'.
    Type 'undefined' is not assignable to type 'boolean'.
src/order/dsl.ts(28,70): error TS2345: Argument of type 'U | undefined' is not assignable to parameter of type 'U'.
  'U' could be instantiated with an arbitrary type which could be unrelated to 'U | undefined'.
src/order/dsl.ts(50,5): error TS2322: Type 'A | undefined' is not assignable to type 'A'.
  'A' could be instantiated with an arbitrary type which could be unrelated to 'A | undefined'.
src/order/dsl.ts(57,5): error TS2322: Type 'A | undefined' is not assignable to type 'A'.
  'A' could be instantiated with an arbitrary type which could be unrelated to 'A | undefined'.
src/order/dsl.ts(60,18): error TS2322: Type 'A | undefined' is not assignable to type 'A'.
  'A' could be instantiated with an arbitrary type which could be unrelated to 'A | undefined'.
src/order/dsl.ts(60,23): error TS2322: Type 'A | undefined' is not assignable to type 'A'.
  'A' could be instantiated with an arbitrary type which could be unrelated to 'A | undefined'.
src/prob/Markov.ts(13,27): error TS2532: Object is possibly 'undefined'.
src/prob/Markov.ts(14,7): error TS2532: Object is possibly 'undefined'.
src/prob/Markov.ts(17,5): error TS2532: Object is possibly 'undefined'.
src/prob/Markov.ts(17,5): error TS2532: Object is possibly 'undefined'.
src/prob/Markov.ts(17,16): error TS2532: Object is possibly 'undefined'.
src/prob/Markov.ts(17,16): error TS2532: Object is possibly 'undefined'.
src/prob/Markov.ts(17,26): error TS2532: Object is possibly 'undefined'.
src/prob/Markov.ts(17,26): error TS2532: Object is possibly 'undefined'.
src/prob/Markov.ts(20,15): error TS2532: Object is possibly 'undefined'.
src/prob/Markov.ts(21,27): error TS2532: Object is possibly 'undefined'.
src/prob/Markov.ts(21,27): error TS2532: Object is possibly 'undefined'.
src/prob/Markov.ts(33,27): error TS2532: Object is possibly 'undefined'.
src/prob/Markov.ts(35,57): error TS2532: Object is possibly 'undefined'.
src/prob/Markov.ts(35,62): error TS2532: Object is possibly 'undefined'.
src/prob/Markov.ts(35,62): error TS2532: Object is possibly 'undefined'.
src/prob/MarkovKernelIso.ts(17,19): error TS2532: Object is possibly 'undefined'.
src/prob/MarkovKernelIso.ts(38,47): error TS2532: Object is possibly 'undefined'.
src/prob/MarkovKernelIso.ts(45,32): error TS2532: Object is possibly 'undefined'.
src/prob/MarkovKernelIso.ts(45,48): error TS2532: Object is possibly 'undefined'.
src/prob/MarkovKernelIso.ts(46,47): error TS2532: Object is possibly 'undefined'.
src/prob/MarkovKernelIso.ts(47,18): error TS2532: Object is possibly 'undefined'.
src/prob/MarkovKernelIso.ts(47,18): error TS2532: Object is possibly 'undefined'.
src/prob/MarkovKernelIso.ts(47,28): error TS2532: Object is possibly 'undefined'.
src/prob/MarkovKernelIso.ts(47,28): error TS2532: Object is possibly 'undefined'.
src/prob/MarkovKernelIso.ts(67,5): error TS2322: Type '(_: A) => { x: B | undefined; p: number; }[]' is not assignable to type 'Kernel<A, B>'.
  Type '{ x: B | undefined; p: number; }[]' is not assignable to type 'Dist<B>'.
    Type '{ x: B | undefined; p: number; }' is not assignable to type '{ x: B; p: number; }'.
      Types of property 'x' are incompatible.
        Type 'B | undefined' is not assignable to type 'B'.
          'B' could be instantiated with an arbitrary type which could be unrelated to 'B | undefined'.
src/prob/__tests__/markov_laws.test.ts(16,22): error TS2532: Object is possibly 'undefined'.
src/prob/__tests__/markov_laws.test.ts(17,25): error TS2532: Object is possibly 'undefined'.
src/prob/__tests__/markov_laws.test.ts(17,25): error TS2532: Object is possibly 'undefined'.
src/prob/__tests__/markov_laws.test.ts(17,35): error TS2532: Object is possibly 'undefined'.
src/prob/__tests__/markov_laws.test.ts(17,35): error TS2532: Object is possibly 'undefined'.
src/prob/__tests__/markov_laws.test.ts(23,23): error TS2532: Object is possibly 'undefined'.
src/prob/__tests__/markov_laws.test.ts(23,23): error TS2532: Object is possibly 'undefined'.
src/prob/__tests__/markov_laws.test.ts(23,32): error TS2532: Object is possibly 'undefined'.
src/prob/__tests__/markov_laws.test.ts(23,32): error TS2532: Object is possibly 'undefined'.
src/prob/__tests__/markov_laws.test.ts(24,23): error TS2532: Object is possibly 'undefined'.
src/prob/__tests__/markov_laws.test.ts(24,23): error TS2532: Object is possibly 'undefined'.
src/prob/__tests__/markov_laws.test.ts(24,32): error TS2532: Object is possibly 'undefined'.
src/prob/__tests__/markov_laws.test.ts(24,32): error TS2532: Object is possibly 'undefined'.
src/prob/__tests__/markov_laws.test.ts(34,21): error TS2532: Object is possibly 'undefined'.
src/prob/__tests__/markov_laws.test.ts(34,30): error TS2532: Object is possibly 'undefined'.
src/prob/__tests__/markov_laws.test.ts(34,45): error TS2532: Object is possibly 'undefined'.
src/prob/__tests__/markov_laws.test.ts(34,54): error TS2532: Object is possibly 'undefined'.
src/prob/__tests__/markov_laws.test.ts(35,21): error TS2532: Object is possibly 'undefined'.
src/prob/__tests__/markov_laws.test.ts(35,28): error TS2532: Object is possibly 'undefined'.
src/prob/kernel_matrix_demo.ts(101,41): error TS2345: Argument of type 'Kernel<number, number> | undefined' is not assignable to parameter of type 'Kernel<number, number>'.
  Type 'undefined' is not assignable to type 'Kernel<number, number>'.
src/prob/kernel_matrix_demo.ts(103,38): error TS2345: Argument of type 'Kernel<number, number> | undefined' is not assignable to parameter of type 'Kernel<number, number>'.
  Type 'undefined' is not assignable to type 'Kernel<number, number>'.
src/prob/kernel_matrix_demo.ts(128,42): error TS2532: Object is possibly 'undefined'.
src/structures/ab/__tests__/ab_biproduct_up.test.ts(22,48): error TS2554: Expected 5 arguments, but got 6.
src/structures/ab/__tests__/ab_biproduct_up.test.ts(23,38): error TS2554: Expected 2 arguments, but got 3.
src/structures/ab/__tests__/ab_biproduct_up.test.ts(39,52): error TS2554: Expected 5 arguments, but got 6.
src/structures/ab/__tests__/ab_biproduct_up.test.ts(40,38): error TS2554: Expected 2 arguments, but got 3.
src/structures/group/Units.ts(17,7): error TS7023: 'gcd' implicitly has return type 'any' because it does not have a return type annotation and is referenced directly or indirectly in one of its return expressions.
src/structures/ring/CRT.ts(41,12): error TS2345: Argument of type 'number | undefined' is not assignable to parameter of type 'number'.
  Type 'undefined' is not assignable to type 'number'.
src/structures/ring/CRT.ts(50,44): error TS2532: Object is possibly 'undefined'.
src/structures/ring/CRT.ts(50,50): error TS2532: Object is possibly 'undefined'.
src/structures/ring/Ideal.ts(56,74): error TS2345: Argument of type 'number | undefined' is not assignable to parameter of type 'number'.
  Type 'undefined' is not assignable to type 'number'.
src/structures/ring/Poly.ts(27,58): error TS2532: Object is possibly 'undefined'.
src/structures/ring/Poly.ts(27,70): error TS2532: Object is possibly 'undefined'.
src/structures/ring/Poly.ts(36,39): error TS2532: Object is possibly 'undefined'.
src/structures/ring/Poly.ts(36,51): error TS2532: Object is possibly 'undefined'.
src/structures/ring/Poly.ts(54,27): error TS2532: Object is possibly 'undefined'.
src/structures/ring/Spec.ts(27,34): error TS2379: Argument of type 'FiniteRing<A>' is not assignable to parameter of type 'FiniteRing<A | undefined>' with 'exactOptionalPropertyTypes: true'. Consider adding 'undefined' to the types of the target's properties.
  Types of property 'eq' are incompatible.
    Type 'RingEq<A>' is not assignable to type 'RingEq<A | undefined>'.
      Type 'A | undefined' is not assignable to type 'A'.
        'A' could be instantiated with an arbitrary type which could be unrelated to 'A | undefined'.
src/structures/ring/Spec.ts(28,29): error TS2345: Argument of type 'Ideal<A | undefined>' is not assignable to parameter of type 'Ideal<A>'.
  The types of 'ring.elems' are incompatible between these types.
    Type '(A | undefined)[]' is not assignable to type 'A[]'.
      Type 'A | undefined' is not assignable to type 'A'.
        'A' could be instantiated with an arbitrary type which could be unrelated to 'A | undefined'.
src/structures/ring/Spec.ts(28,46): error TS2345: Argument of type 'Ideal<A | undefined>' is not assignable to parameter of type 'Ideal<A>'.
  The types of 'ring.elems' are incompatible between these types.
    Type '(A | undefined)[]' is not assignable to type 'A[]'.
      Type 'A | undefined' is not assignable to type 'A'.
        'A' could be instantiated with an arbitrary type which could be unrelated to 'A | undefined'.
src/top/Topology.ts(17,21): error TS2345: Argument of type 'X | undefined' is not assignable to parameter of type 'X'.
  'X' could be instantiated with an arbitrary type which could be unrelated to 'X | undefined'.
src/types/__tests__/ultrafilter-naturality.test.ts(246,36): error TS2339: Property 'comp' does not exist on type 'SmallCategory<Obj, Mor> & { objects: Obj[]; morphisms: Mor[]; } & HasHom<Obj, Mor>'.
src/types/__tests__/ultrafilter-naturality.test.ts(247,35): error TS2339: Property 'comp' does not exist on type 'SmallCategory<Obj, Mor> & { objects: Obj[]; morphisms: Mor[]; } & HasHom<Obj, Mor>'.
src/types/category-to-nerve-sset.ts(50,16): error TS2353: Object literal may only specify known properties, and 'comp' does not exist in type 'SmallCategory<O, PathMor<O>> & { ofEdge: (e: Edge<O>) => PathMor<O>; }'.
src/types/category-to-nerve-sset.ts(795,26): error TS2353: Object literal may only specify known properties, and 'comp' does not exist in type 'SmallCategory<SetObj<any>, Rel>'.
src/types/category-to-nerve-sset.ts(806,26): error TS2353: Object literal may only specify known properties, and 'comp' does not exist in type 'SmallCategory<SetObj<any>, FnM>'.
src/types/catkit-adjunction.ts(204,19): error TS2353: Object literal may only specify known properties, and 'comp' does not exist in type 'SmallCategory<X, Id<X>> & { objects: X[]; morphisms: Id<X>[]; hom: (x: X, y: X) => Id<X>[]; }'.
src/types/mini-finset.ts(331,21): error TS2339: Property 'comp' does not exist on type 'SmallCategory<Obj, Mor> & { objects: Obj[]; morphisms: Mor[]; } & HasHom<Obj, Mor>'.
src/types/mini-finset.ts(347,21): error TS2339: Property 'comp' does not exist on type 'SmallCategory<Obj, Mor> & { objects: Obj[]; morphisms: Mor[]; } & HasHom<Obj, Mor>'.
src/types/mini-finset.ts(366,21): error TS2339: Property 'comp' does not exist on type 'SmallCategory<Obj, Mor> & { objects: Obj[]; morphisms: Mor[]; } & HasHom<Obj, Mor>'.
src/types/ran-set.ts(201,28): error TS2339: Property 'comp' does not exist on type 'SmallCategory<D_O, D_M> & HasHom<D_O, D_M>'.
src/types/ran-set.ts(291,32): error TS2339: Property 'comp' does not exist on type 'SmallCategory<D_O, D_M> & HasHom<D_O, D_M> & { objects: readonly D_O[]; }'.
src/types/ran-set.ts(343,44): error TS2339: Property 'comp' does not exist on type 'SmallCategory<D_O, D_M> & HasHom<D_O, D_M>'.
src/universal/em/Equivalence.ts(19,21): error TS2345: Argument of type 'UAAlgebra<A>' is not assignable to parameter of type 'UAAlgebra<A | undefined>'.
  Types of property 'eq' are incompatible.
    Type 'Eq<A>' is not assignable to type 'Eq<A | undefined>'.
      Type 'A | undefined' is not assignable to type 'A'.
        'A' could be instantiated with an arbitrary type which could be unrelated to 'A | undefined'.
src/universal/em/Equivalence.ts(69,56): error TS2345: Argument of type '(a: A) => B' is not assignable to parameter of type '(value: A | undefined, index: number, array: (A | undefined)[]) => B'.
  Types of parameters 'a' and 'value' are incompatible.
    Type 'A | undefined' is not assignable to type 'A'.
      'A' could be instantiated with an arbitrary type which could be unrelated to 'A | undefined'.
src/universal/em/Equivalence.ts(84,20): error TS2345: Argument of type 'A | undefined' is not assignable to parameter of type 'A'.
  'A' could be instantiated with an arbitrary type which could be unrelated to 'A | undefined'.
src/universal/em/Equivalence.ts(91,21): error TS2345: Argument of type 'A | undefined' is not assignable to parameter of type 'A'.
  'A' could be instantiated with an arbitrary type which could be unrelated to 'A | undefined'.
src/universal/em/Equivalence.ts(101,21): error TS2345: Argument of type 'B | undefined' is not assignable to parameter of type 'B'.
  'B' could be instantiated with an arbitrary type which could be unrelated to 'B | undefined'.
src/universal/em/__tests__/em_lawvere_equiv.test.ts(11,28): error TS2345: Argument of type 'OpSym | undefined' is not assignable to parameter of type 'OpSym'.
  Type 'undefined' is not assignable to type 'OpSym'.
src/universal/em/__tests__/em_lawvere_equiv.test.ts(11,48): error TS2345: Argument of type 'OpSym | undefined' is not assignable to parameter of type 'OpSym'.
  Type 'undefined' is not assignable to type 'OpSym'.
src/universal/em/__tests__/em_lawvere_equiv.test.ts(12,28): error TS2345: Argument of type 'OpSym | undefined' is not assignable to parameter of type 'OpSym'.
  Type 'undefined' is not assignable to type 'OpSym'.
src/universal/em/__tests__/em_lawvere_equiv.test.ts(12,56): error TS2345: Argument of type 'OpSym | undefined' is not assignable to parameter of type 'OpSym'.
  Type 'undefined' is not assignable to type 'OpSym'.
src/universal/em/__tests__/em_lawvere_equiv.test.ts(13,28): error TS2345: Argument of type 'OpSym | undefined' is not assignable to parameter of type 'OpSym'.
  Type 'undefined' is not assignable to type 'OpSym'.
src/universal/em/__tests__/em_lawvere_equiv.test.ts(13,48): error TS2345: Argument of type 'OpSym | undefined' is not assignable to parameter of type 'OpSym'.
  Type 'undefined' is not assignable to type 'OpSym'.
src/universal/em/__tests__/em_lawvere_equiv.test.ts(14,28): error TS2345: Argument of type 'OpSym | undefined' is not assignable to parameter of type 'OpSym'.
  Type 'undefined' is not assignable to type 'OpSym'.
src/universal/em/__tests__/em_lawvere_equiv.test.ts(14,56): error TS2345: Argument of type 'OpSym | undefined' is not assignable to parameter of type 'OpSym'.
  Type 'undefined' is not assignable to type 'OpSym'.
src/universal/em/__tests__/em_lawvere_equiv.test.ts(22,43): error TS2345: Argument of type 'FiniteSet<number>' is not assignable to parameter of type 'FiniteSet<number | undefined>'.
  Types of property 'eq' are incompatible.
    Type 'Eq<number>' is not assignable to type 'Eq<number | undefined>'.
      Type 'number | undefined' is not assignable to type 'number'.
        Type 'undefined' is not assignable to type 'number'.
src/universal/monad/Diagram.ts(36,46): error TS2345: Argument of type 'FiniteSet<C>' is not assignable to parameter of type 'FiniteSet<unknown>'.
  Types of property 'eq' are incompatible.
    Type 'Eq<C>' is not assignable to type 'Eq<unknown>'.
      Type 'unknown' is not assignable to type 'C'.
        'C' could be instantiated with an arbitrary type which could be unrelated to 'unknown'.
src/universal/monad/Diagram.ts(56,55): error TS2345: Argument of type 'FiniteSet<D>' is not assignable to parameter of type 'FiniteSet<unknown>'.
  Types of property 'eq' are incompatible.
    Type 'Eq<D>' is not assignable to type 'Eq<unknown>'.
      Type 'unknown' is not assignable to type 'D'.
        'D' could be instantiated with an arbitrary type which could be unrelated to 'unknown'.
src/universal/monad/Diagram.ts(57,57): error TS2345: Argument of type 'FiniteSet<D>' is not assignable to parameter of type 'FiniteSet<unknown>'.
  Types of property 'eq' are incompatible.
    Type 'Eq<D>' is not assignable to type 'Eq<unknown>'.
      Type 'unknown' is not assignable to type 'D'.
        'D' could be instantiated with an arbitrary type which could be unrelated to 'unknown'.
src/universal/monad/__tests__/kleisli_diagrams.test.ts(8,26): error TS2345: Argument of type 'OpSym | undefined' is not assignable to parameter of type 'OpSym'.
  Type 'undefined' is not assignable to type 'OpSym'.
src/universal/monad/__tests__/kleisli_diagrams.test.ts(8,35): error TS2345: Argument of type 'OpSym | undefined' is not assignable to parameter of type 'OpSym'.
  Type 'undefined' is not assignable to type 'OpSym'.
src/universal/monad/__tests__/kleisli_diagrams.test.ts(8,76): error TS2345: Argument of type 'OpSym | undefined' is not assignable to parameter of type 'OpSym'.
  Type 'undefined' is not assignable to type 'OpSym'.
src/universal/monad/__tests__/kleisli_diagrams.test.ts(8,93): error TS2345: Argument of type 'OpSym | undefined' is not assignable to parameter of type 'OpSym'.
  Type 'undefined' is not assignable to type 'OpSym'.
src/universal/monad/__tests__/kleisli_diagrams.test.ts(9,26): error TS2345: Argument of type 'OpSym | undefined' is not assignable to parameter of type 'OpSym'.
  Type 'undefined' is not assignable to type 'OpSym'.
src/universal/monad/__tests__/kleisli_diagrams.test.ts(9,35): error TS2345: Argument of type 'OpSym | undefined' is not assignable to parameter of type 'OpSym'.
  Type 'undefined' is not assignable to type 'OpSym'.
src/universal/monad/__tests__/kleisli_diagrams.test.ts(10,26): error TS2345: Argument of type 'OpSym | undefined' is not assignable to parameter of type 'OpSym'.
  Type 'undefined' is not assignable to type 'OpSym'.
src/universal/monad/__tests__/kleisli_diagrams.test.ts(10,43): error TS2345: Argument of type 'OpSym | undefined' is not assignable to parameter of type 'OpSym'.
  Type 'undefined' is not assignable to type 'OpSym'.
src/universal/monad/__tests__/kleisli_diagrams.test.ts(23,49): error TS2345: Argument of type 'OpSym | undefined' is not assignable to parameter of type 'OpSym'.
  Type 'undefined' is not assignable to type 'OpSym'.
src/universal/monad/__tests__/kleisli_diagrams.test.ts(23,66): error TS2345: Argument of type 'OpSym | undefined' is not assignable to parameter of type 'OpSym'.
  Type 'undefined' is not assignable to type 'OpSym'.
src/universal/monad/__tests__/kleisli_diagrams.test.ts(24,38): error TS2345: Argument of type 'OpSym | undefined' is not assignable to parameter of type 'OpSym'.
  Type 'undefined' is not assignable to type 'OpSym'.
src/universal/monad/__tests__/kleisli_diagrams.test.ts(25,40): error TS2345: Argument of type 'OpSym | undefined' is not assignable to parameter of type 'OpSym'.
  Type 'undefined' is not assignable to type 'OpSym'.
src/universal/monad/__tests__/kleisli_laws.test.ts(8,26): error TS2345: Argument of type 'OpSym | undefined' is not assignable to parameter of type 'OpSym'.
  Type 'undefined' is not assignable to type 'OpSym'.
src/universal/monad/__tests__/kleisli_laws.test.ts(8,46): error TS2345: Argument of type 'OpSym | undefined' is not assignable to parameter of type 'OpSym'.
  Type 'undefined' is not assignable to type 'OpSym'.
src/universal/monad/__tests__/kleisli_laws.test.ts(9,26): error TS2345: Argument of type 'OpSym | undefined' is not assignable to parameter of type 'OpSym'.
  Type 'undefined' is not assignable to type 'OpSym'.
src/universal/monad/__tests__/kleisli_laws.test.ts(9,54): error TS2345: Argument of type 'OpSym | undefined' is not assignable to parameter of type 'OpSym'.
  Type 'undefined' is not assignable to type 'OpSym'.
src/universal/monad/__tests__/kleisli_laws.test.ts(10,26): error TS2345: Argument of type 'OpSym | undefined' is not assignable to parameter of type 'OpSym'.
  Type 'undefined' is not assignable to type 'OpSym'.
src/universal/monad/__tests__/kleisli_laws.test.ts(10,46): error TS2345: Argument of type 'OpSym | undefined' is not assignable to parameter of type 'OpSym'.
  Type 'undefined' is not assignable to type 'OpSym'.
src/universal/monad/__tests__/kleisli_laws.test.ts(11,26): error TS2345: Argument of type 'OpSym | undefined' is not assignable to parameter of type 'OpSym'.
  Type 'undefined' is not assignable to type 'OpSym'.
src/universal/monad/__tests__/kleisli_laws.test.ts(11,54): error TS2345: Argument of type 'OpSym | undefined' is not assignable to parameter of type 'OpSym'.
  Type 'undefined' is not assignable to type 'OpSym'.
src/universal/monad/__tests__/kleisli_laws.test.ts(36,46): error TS2345: Argument of type '{ elems: number[]; eq: (x: number, y: number) => boolean; }' is not assignable to parameter of type 'FiniteSet<unknown>'.
  Types of property 'eq' are incompatible.
    Type '(x: number, y: number) => boolean' is not assignable to type 'Eq<unknown>'.
      Types of parameters 'x' and 'x' are incompatible.
        Type 'unknown' is not assignable to type 'number'.
src/universal/monad/__tests__/kleisli_laws.test.ts(43,46): error TS2345: Argument of type '{ elems: string[]; eq: (x: string, y: string) => boolean; }' is not assignable to parameter of type 'FiniteSet<unknown>'.
  Types of property 'eq' are incompatible.
    Type '(x: string, y: string) => boolean' is not assignable to type 'Eq<unknown>'.
      Types of parameters 'x' and 'x' are incompatible.
        Type 'unknown' is not assignable to type 'string'.
src/universal/monad/__tests__/kleisli_laws.test.ts(52,37): error TS2345: Argument of type '{ elems: string[]; eq: (x: string, y: string) => boolean; }' is not assignable to parameter of type 'FiniteSet<unknown>'.
  Types of property 'eq' are incompatible.
    Type '(x: string, y: string) => boolean' is not assignable to type 'Eq<unknown>'.
      Types of parameters 'x' and 'x' are incompatible.
        Type 'unknown' is not assignable to type 'string'.
src/universal/rewrite/SetMonad.ts(72,28): error TS2488: Type 'Term' must have a '[Symbol.iterator]()' method that returns an iterator.
src/universal/rewrite/__tests__/set_monad.test.ts(37,14): error TS2532: Object is possibly 'undefined'.
src/universal/rewrite/__tests__/set_monad.test.ts(49,32): error TS2345: Argument of type '(x: string) => string' is not assignable to parameter of type '(a: unknown) => string'.
  Types of parameters 'x' and 'a' are incompatible.
    Type 'unknown' is not assignable to type 'string'.
src/universal/rewrite/__tests__/set_monad.test.ts(56,40): error TS2345: Argument of type '(x: string) => Var[]' is not assignable to parameter of type '(a: unknown) => FreeAlgebra<unknown>'.
  Types of parameters 'x' and 'a' are incompatible.
    Type 'unknown' is not assignable to type 'string'.
src/universal/rewrite/__tests__/set_monad.test.ts(74,14): error TS2532: Object is possibly 'undefined'.
src/universal/rewrite/__tests__/set_monad.test.ts(79,37): error TS2345: Argument of type 'Var[][]' is not assignable to parameter of type 'FreeAlgebra<FreeAlgebra<string>>'.
  Type 'Var[]' is not assignable to type 'Term'.
src/universal/rewrite/__tests__/set_monad.test.ts(108,14): error TS2532: Object is possibly 'undefined'.
src/universal/rewrite/__tests__/set_monad.test.ts(113,37): error TS2345: Argument of type 'Var[][]' is not assignable to parameter of type 'FreeAlgebra<FreeAlgebra<number>>'.
  Type 'Var[]' is not assignable to type 'Term'.
src/universal/rewrite/__tests__/set_monad.test.ts(162,13): error TS2322: Type 'FiniteSet<never>' is not assignable to type 'FiniteSet<string>'.
  Types of property 'eq' are incompatible.
    Type 'Eq<never>' is not assignable to type 'Eq<string>'.
      Type 'string' is not assignable to type 'never'.
src/universal/rewrite/__tests__/set_monad.test.ts(182,41): error TS2345: Argument of type 'FiniteSet<number>' is not assignable to parameter of type 'FiniteSet<string>'.
  Types of property 'elems' are incompatible.
    Type 'number[]' is not assignable to type 'string[]'.
      Type 'number' is not assignable to type 'string'.
src/universal/rewrite/demo.ts(120,70): error TS2322: Type '[Var]' is not assignable to type 'Term'.
src/universal/rewrite/demo.ts(120,80): error TS2322: Type '[Var]' is not assignable to type 'Term'.
src/universal/rewrite/demo.ts(124,75): error TS2322: Type '[Var]' is not assignable to type 'Term'.
src/universal/rewrite/demo.ts(124,85): error TS2322: Type '[Var]' is not assignable to type 'Term'.
